Remote Browser Emulator for TPC-W.
  ECE 902  Fall '99
  Version 1.5
Input command-line arguments
#  1  -EB
#  2  rbe.EBTPCW1Factory
#  3  400
#  4  -OUT
#  5  teste.m
#  6  -MAXERROR
#  7  0
#  8  -WWW
#  9  http://localhost:8080/tpcw/
# 10  -RU
# 11  5
# 12  -MI
# 13  20
# 14  -RD
# 15  5

Options
%      -EB                EB Factory              400 EBs
         % Factory class used to create EBs.  <class> <#> <factory args...>.
%     -OUT               Output file              teste.m
         % Name of matlab .m output file for results.
%      -ST Starting time for ramp-up May 2, 2016 11:06:36 PM BRT (default)
         % Time (such as Nov 2, 1999 11:30:00 AM CST) at which to start ramp-up.  Useful for synchronizing multiple RBEs.
%      -RU              Ramp-up time                    5
         % Seconds used to warm-up the simulator.
%      -MI      Measurement interval                   20
         % Seconds used for measuring SUT performance.
%      -RD            Ramp-down time                    5
         % Seconds of steady-state operation following measurment interval.
%    -SLOW          Slow-down factor        1.0 (default)
         % 1000 means one thousand real seconds equals one simulated second.  Accepts factional values and E notation.
%      -TT Think time multiplication.        1.0 (default)
         % Used to increase (>1.0) or decrease (<1.0) think time.  In addition to slow-down factor.
%     -KEY      Interactive control.      false (default)
         % Require user to hit RETURN before every interaction.  Overrides think time.
%   -GETIM           Request images.       true (default)
         % True will cause RBE to request images.  False suppresses image requests.
%     -CON         Image connections          4 (default)
         % Maximum number of images downloaded at once.
%    -CUST       Number of customers       1000 (default)
         % Number of customers in the database.  Used to generated random CIDs.
%   -CUSTA              CID NURand A         -1 (default)
         % Used to generate random CIDs.  See TPC-W Spec. Clause 2.3.2.  -1 means use TPC-W spec. value.
%    -ITEM           Number of items      10000 (default)
         % Number of items in the database. Used to generate random searches.
%   -ITEMA             Item NURand A         -1 (default)
         % Used to generate random searches.  See TPC-W Spec. Clause 2.10.5.1.  -1 means use TPC-W spec. value.
%   -DEBUG            Debug message.          0 (default)
         % Increase this to see more debug messages ~1 to 10.
% -MAXERROR   Maximum errors allowed.                    0
         % RBE will terminate after this many errors.  0 implies no limit.
%     -WWW                  Base URL http://localhost:8080/tpcw/
         % The root URL for the TPC-W pages.
% -MONITOR Do utilization monitoring      false (default)
         % TRUE=do monitoring, FALSE=Don't do monitoring
% -INCREMENTAL   Start EBs Incrementally      false (default)
         % TRUE=do them in increments, FALSE=Do them all at once
Choose 1023 for -CUSTA.
Choose 511 for -ITEMA.
Starting 400 EBs.
All of the EBs are alive!
EB Error: Unable to find any items for product detail.(???)
EB Error: Unable to find any items for product detail.(???)
EB Error: Unable to find any items for product detail.(???)
EB Error: Unable to find any items for product detail.(???)
EB Error: Unable to open URL.(http://localhost:8080/tpcw/TPCW_product_detail_servlet;jsessionid=AA4491A2962AF8E33559C9A70196D7D2?I_ID=5341&C_ID=24)
EB Error: Unable to open URL.(http://localhost:8080/tpcw/TPCW_product_detail_servlet;jsessionid=AA4491A2962AF8E33559C9A70196D7D2?I_ID=5341&C_ID=24)
EB Error: Unable to open URL.(http://localhost:8080/tpcw/TPCW_product_detail_servlet;jsessionid=AA4491A2962AF8E33559C9A70196D7D2?I_ID=5341&C_ID=24)
EB Error: Unable to open URL.(http://localhost:8080/tpcw/TPCW_product_detail_servlet;jsessionid=AA4491A2962AF8E33559C9A70196D7D2?I_ID=5341&C_ID=24)
EB Error: Unable to open URL.(http://localhost:8080/tpcw/TPCW_product_detail_servlet;jsessionid=AA4491A2962AF8E33559C9A70196D7D2?I_ID=5341&C_ID=24)
EB Error: Unable to open URL.(http://localhost:8080/tpcw/TPCW_product_detail_servlet;jsessionid=AA4491A2962AF8E33559C9A70196D7D2?I_ID=5341&C_ID=24)
EB Error: Unable to open URL.(http://localhost:8080/tpcw/TPCW_product_detail_servlet;jsessionid=AA4491A2962AF8E33559C9A70196D7D2?I_ID=5341&C_ID=24)
EB Error: Unable to open URL.(http://localhost:8080/tpcw/TPCW_product_detail_servlet;jsessionid=AA4491A2962AF8E33559C9A70196D7D2?I_ID=5341&C_ID=24)
EB Error: Unable to open URL.(http://localhost:8080/tpcw/TPCW_product_detail_servlet;jsessionid=AA4491A2962AF8E33559C9A70196D7D2?I_ID=5341&C_ID=24)
EB Error: Unable to open URL.(http://localhost:8080/tpcw/TPCW_product_detail_servlet;jsessionid=AA4491A2962AF8E33559C9A70196D7D2?I_ID=5341&C_ID=24)
EB Error: Unable to open URL.(http://localhost:8080/tpcw/TPCW_product_detail_servlet;jsessionid=AA4491A2962AF8E33559C9A70196D7D2?I_ID=5341&C_ID=24)
EB Error: Unable to open URL.(http://localhost:8080/tpcw/TPCW_product_detail_servlet;jsessionid=CB42B2382F59B8009F6CF7D819877C9B?I_ID=7327)
EB Error: Unable to find any items for product detail.(???)
EB Error: Unable to open URL.(http://localhost:8080/tpcw/TPCW_product_detail_servlet;jsessionid=AA4491A2962AF8E33559C9A70196D7D2?I_ID=5341&C_ID=24)
EB Error: Unable to open URL.(http://localhost:8080/tpcw/TPCW_product_detail_servlet;jsessionid=CB42B2382F59B8009F6CF7D819877C9B?I_ID=7327)
EB Error: Unable to open URL.(http://localhost:8080/tpcw/TPCW_product_detail_servlet;jsessionid=CB42B2382F59B8009F6CF7D819877C9B?I_ID=7327)
EB Error: Unable to find any items for product detail.(???)
EB Error: Restarting new user session due to error.( <???>)
TPCW Broswing Mix EB #173 completed user session.
EB Error: Unable to find any items for product detail.(???)
EB Error: Unable to open URL.(http://localhost:8080/tpcw/TPCW_product_detail_servlet;jsessionid=AA4491A2962AF8E33559C9A70196D7D2?I_ID=5341&C_ID=24)
EB Error: Unable to find any items for product detail.(???)
EB Error: Unable to open URL.(http://localhost:8080/tpcw/TPCW_product_detail_servlet;jsessionid=CB42B2382F59B8009F6CF7D819877C9B?I_ID=7327)
EB Error: Unable to find any items for product detail.(???)
EB Error: Unable to open URL.(http://localhost:8080/tpcw/TPCW_product_detail_servlet;jsessionid=CB42B2382F59B8009F6CF7D819877C9B?I_ID=7327)
EB Error: Unable to open URL.(http://localhost:8080/tpcw/TPCW_product_detail_servlet;jsessionid=AA4491A2962AF8E33559C9A70196D7D2?I_ID=5341&C_ID=24)
EB Error: Unable to open URL.(http://localhost:8080/tpcw/TPCW_product_detail_servlet;jsessionid=CB42B2382F59B8009F6CF7D819877C9B?I_ID=7327)
EB Error: Unable to open URL.(http://localhost:8080/tpcw/TPCW_buy_request_servlet;jsessionid=9103FDACD73DEDED5017EF23D23AAE0F?RETURNING_FLAG=Y&UNAME=NGULOG&PASSWD=ngulog&C_ID=971&SHOPPING_ID=1)
EB Error: Unable to open URL.(http://localhost:8080/tpcw/TPCW_product_detail_servlet;jsessionid=CB42B2382F59B8009F6CF7D819877C9B?I_ID=7327)
EB Error: Unable to open URL.(http://localhost:8080/tpcw/TPCW_product_detail_servlet;jsessionid=AA4491A2962AF8E33559C9A70196D7D2?I_ID=5341&C_ID=24)
EB Error: Unable to find any items for product detail.(???)
EB Error: Unable to open URL.(http://localhost:8080/tpcw/TPCW_product_detail_servlet;jsessionid=CB42B2382F59B8009F6CF7D819877C9B?I_ID=7327)
EB Error: Unable to open URL.(http://localhost:8080/tpcw/TPCW_buy_request_servlet;jsessionid=9103FDACD73DEDED5017EF23D23AAE0F?RETURNING_FLAG=Y&UNAME=NGULOG&PASSWD=ngulog&C_ID=971&SHOPPING_ID=1)
EB Error: Unable to open URL.(http://localhost:8080/tpcw/TPCW_product_detail_servlet;jsessionid=24CF77D18CBC23ADE66F79490DEBE288?I_ID=8154&C_ID=976)
EB Error: Unable to open URL.(http://localhost:8080/tpcw/TPCW_product_detail_servlet;jsessionid=24CF77D18CBC23ADE66F79490DEBE288?I_ID=8154&C_ID=976)
EB Error: Unable to open URL.(http://localhost:8080/tpcw/TPCW_product_detail_servlet;jsessionid=AA4491A2962AF8E33559C9A70196D7D2?I_ID=5341&C_ID=24)
EB Error: Unable to open URL.(http://localhost:8080/tpcw/TPCW_product_detail_servlet;jsessionid=24CF77D18CBC23ADE66F79490DEBE288?I_ID=8154&C_ID=976)
EB Error: Unable to open URL.(http://localhost:8080/tpcw/TPCW_buy_request_servlet;jsessionid=9103FDACD73DEDED5017EF23D23AAE0F?RETURNING_FLAG=Y&UNAME=NGULOG&PASSWD=ngulog&C_ID=971&SHOPPING_ID=1)
EB Error: Unable to open URL.(http://localhost:8080/tpcw/TPCW_product_detail_servlet;jsessionid=CB42B2382F59B8009F6CF7D819877C9B?I_ID=7327)
EB Error: Unable to open URL.(http://localhost:8080/tpcw/TPCW_product_detail_servlet;jsessionid=24CF77D18CBC23ADE66F79490DEBE288?I_ID=8154&C_ID=976)
EB Error: Unable to open URL.(http://localhost:8080/tpcw/TPCW_product_detail_servlet;jsessionid=AA4491A2962AF8E33559C9A70196D7D2?I_ID=5341&C_ID=24)
EB Error: Unable to open URL.(http://localhost:8080/tpcw/TPCW_product_detail_servlet;jsessionid=24CF77D18CBC23ADE66F79490DEBE288?I_ID=8154&C_ID=976)
EB Error: Unable to open URL.(http://localhost:8080/tpcw/TPCW_product_detail_servlet;jsessionid=CB42B2382F59B8009F6CF7D819877C9B?I_ID=7327)
EB Error: Unable to open URL.(http://localhost:8080/tpcw/TPCW_buy_request_servlet;jsessionid=9103FDACD73DEDED5017EF23D23AAE0F?RETURNING_FLAG=Y&UNAME=NGULOG&PASSWD=ngulog&C_ID=971&SHOPPING_ID=1)
EB Error: Unable to open URL.(http://localhost:8080/tpcw/TPCW_product_detail_servlet;jsessionid=CB42B2382F59B8009F6CF7D819877C9B?I_ID=7327)
EB Error: Unable to open URL.(http://localhost:8080/tpcw/TPCW_product_detail_servlet;jsessionid=24CF77D18CBC23ADE66F79490DEBE288?I_ID=8154&C_ID=976)
EB Error: Unable to open URL.(http://localhost:8080/tpcw/TPCW_product_detail_servlet;jsessionid=AA4491A2962AF8E33559C9A70196D7D2?I_ID=5341&C_ID=24)
EB Error: Unable to open URL.(http://localhost:8080/tpcw/TPCW_product_detail_servlet;jsessionid=24CF77D18CBC23ADE66F79490DEBE288?I_ID=8154&C_ID=976)
EB Error: Unable to open URL.(http://localhost:8080/tpcw/TPCW_product_detail_servlet;jsessionid=CB42B2382F59B8009F6CF7D819877C9B?I_ID=7327)
EB Error: Unable to open URL.(http://localhost:8080/tpcw/TPCW_buy_request_servlet;jsessionid=9103FDACD73DEDED5017EF23D23AAE0F?RETURNING_FLAG=Y&UNAME=NGULOG&PASSWD=ngulog&C_ID=971&SHOPPING_ID=1)
EB Error: Unable to open URL.(http://localhost:8080/tpcw/TPCW_product_detail_servlet;jsessionid=CB42B2382F59B8009F6CF7D819877C9B?I_ID=7327)
EB Error: Unable to open URL.(http://localhost:8080/tpcw/TPCW_product_detail_servlet;jsessionid=24CF77D18CBC23ADE66F79490DEBE288?I_ID=8154&C_ID=976)
EB Error: Unable to open URL.(http://localhost:8080/tpcw/TPCW_product_detail_servlet;jsessionid=AA4491A2962AF8E33559C9A70196D7D2?I_ID=5341&C_ID=24)
EB Error: Unable to open URL.(http://localhost:8080/tpcw/TPCW_product_detail_servlet;jsessionid=AA4491A2962AF8E33559C9A70196D7D2?I_ID=5341&C_ID=24)
EB Error: Unable to open URL.(http://localhost:8080/tpcw/TPCW_product_detail_servlet;jsessionid=0E07CE4D0BE7C62F08069764FBF6B250?I_ID=2529&C_ID=580)
EB Error: Unable to open URL.(http://localhost:8080/tpcw/TPCW_product_detail_servlet;jsessionid=24CF77D18CBC23ADE66F79490DEBE288?I_ID=8154&C_ID=976)
EB Error: Unable to open URL.(http://localhost:8080/tpcw/TPCW_product_detail_servlet;jsessionid=CB42B2382F59B8009F6CF7D819877C9B?I_ID=7327)
EB Error: Unable to open URL.(http://localhost:8080/tpcw/TPCW_buy_request_servlet;jsessionid=9103FDACD73DEDED5017EF23D23AAE0F?RETURNING_FLAG=Y&UNAME=NGULOG&PASSWD=ngulog&C_ID=971&SHOPPING_ID=1)
EB Error: Unable to open URL.(http://localhost:8080/tpcw/TPCW_product_detail_servlet;jsessionid=CB42B2382F59B8009F6CF7D819877C9B?I_ID=7327)
EB Error: Unable to open URL.(http://localhost:8080/tpcw/TPCW_product_detail_servlet;jsessionid=9AC30881F39CC6F8FFF08E60136CC1B3?I_ID=4996&C_ID=768)
EB Error: Unable to open URL.(http://localhost:8080/tpcw/TPCW_product_detail_servlet;jsessionid=24CF77D18CBC23ADE66F79490DEBE288?I_ID=8154&C_ID=976)
EB Error: Unable to open URL.(http://localhost:8080/tpcw/TPCW_product_detail_servlet;jsessionid=0E07CE4D0BE7C62F08069764FBF6B250?I_ID=2529&C_ID=580)
EB Error: Unable to open URL.(http://localhost:8080/tpcw/TPCW_product_detail_servlet;jsessionid=AA4491A2962AF8E33559C9A70196D7D2?I_ID=5341&C_ID=24)
EB Error: Unable to open URL.(http://localhost:8080/tpcw/TPCW_order_display_servlet;jsessionid=A45F78B2D4252E5919D45D3501E12FCB?UNAME=SEOGAL&PASSWD=seogal&C_ID=512)
EB Error: Unable to open URL.(http://localhost:8080/tpcw/TPCW_product_detail_servlet;jsessionid=0E07CE4D0BE7C62F08069764FBF6B250?I_ID=2529&C_ID=580)
EB Error: Unable to open URL.(http://localhost:8080/tpcw/TPCW_product_detail_servlet;jsessionid=AA4491A2962AF8E33559C9A70196D7D2?I_ID=5341&C_ID=24)
EB Error: Unable to open URL.(http://localhost:8080/tpcw/TPCW_product_detail_servlet;jsessionid=24CF77D18CBC23ADE66F79490DEBE288?I_ID=8154&C_ID=976)
EB Error: Unable to open URL.(http://localhost:8080/tpcw/TPCW_product_detail_servlet;jsessionid=9AC30881F39CC6F8FFF08E60136CC1B3?I_ID=4996&C_ID=768)
EB Error: Unable to open URL.(http://localhost:8080/tpcw/TPCW_product_detail_servlet;jsessionid=9AC30881F39CC6F8FFF08E60136CC1B3?I_ID=4996&C_ID=768)
EB Error: Unable to open URL.(http://localhost:8080/tpcw/TPCW_product_detail_servlet;jsessionid=CB42B2382F59B8009F6CF7D819877C9B?I_ID=7327)
EB Error: Unable to open URL.(http://localhost:8080/tpcw/TPCW_buy_request_servlet;jsessionid=9103FDACD73DEDED5017EF23D23AAE0F?RETURNING_FLAG=Y&UNAME=NGULOG&PASSWD=ngulog&C_ID=971&SHOPPING_ID=1)
EB Error: Unable to open URL.(http://localhost:8080/tpcw/TPCW_product_detail_servlet;jsessionid=CB42B2382F59B8009F6CF7D819877C9B?I_ID=7327)
EB Error: Unable to open URL.(http://localhost:8080/tpcw/TPCW_product_detail_servlet;jsessionid=9AC30881F39CC6F8FFF08E60136CC1B3?I_ID=4996&C_ID=768)
EB Error: Unable to open URL.(http://localhost:8080/tpcw/TPCW_product_detail_servlet;jsessionid=9AC30881F39CC6F8FFF08E60136CC1B3?I_ID=4996&C_ID=768)
EB Error: Unable to open URL.(http://localhost:8080/tpcw/TPCW_product_detail_servlet;jsessionid=24CF77D18CBC23ADE66F79490DEBE288?I_ID=8154&C_ID=976)
EB Error: Unable to open URL.(http://localhost:8080/tpcw/TPCW_product_detail_servlet;jsessionid=AA4491A2962AF8E33559C9A70196D7D2?I_ID=5341&C_ID=24)
EB Error: Unable to open URL.(http://localhost:8080/tpcw/TPCW_product_detail_servlet;jsessionid=0E07CE4D0BE7C62F08069764FBF6B250?I_ID=2529&C_ID=580)
EB Error: Unable to open URL.(http://localhost:8080/tpcw/TPCW_order_display_servlet;jsessionid=A45F78B2D4252E5919D45D3501E12FCB?UNAME=SEOGAL&PASSWD=seogal&C_ID=512)
EB Error: Unable to open URL.(http://localhost:8080/tpcw/TPCW_order_display_servlet;jsessionid=A45F78B2D4252E5919D45D3501E12FCB?UNAME=SEOGAL&PASSWD=seogal&C_ID=512)
EB Error: Unable to open URL.(http://localhost:8080/tpcw/TPCW_product_detail_servlet;jsessionid=0E07CE4D0BE7C62F08069764FBF6B250?I_ID=2529&C_ID=580)
EB Error: Unable to open URL.(http://localhost:8080/tpcw/TPCW_product_detail_servlet;jsessionid=AA4491A2962AF8E33559C9A70196D7D2?I_ID=5341&C_ID=24)
EB Error: Unable to open URL.(http://localhost:8080/tpcw/TPCW_product_detail_servlet;jsessionid=24CF77D18CBC23ADE66F79490DEBE288?I_ID=8154&C_ID=976)
EB Error: Unable to open URL.(http://localhost:8080/tpcw/TPCW_product_detail_servlet;jsessionid=9AC30881F39CC6F8FFF08E60136CC1B3?I_ID=4996&C_ID=768)
EB Error: Unable to find any items for product detail.(???)
EB Error: Unable to open URL.(http://localhost:8080/tpcw/TPCW_product_detail_servlet;jsessionid=CB42B2382F59B8009F6CF7D819877C9B?I_ID=7327)
EB Error: Unable to open URL.(http://localhost:8080/tpcw/TPCW_buy_request_servlet;jsessionid=9103FDACD73DEDED5017EF23D23AAE0F?RETURNING_FLAG=Y&UNAME=NGULOG&PASSWD=ngulog&C_ID=971&SHOPPING_ID=1)
EB Error: Unable to open URL.(http://localhost:8080/tpcw/TPCW_product_detail_servlet;jsessionid=F2B923FE824ED8558DA6220ED910CBE2?I_ID=5591&C_ID=496)
EB Error: Unable to open URL.(http://localhost:8080/tpcw/TPCW_buy_request_servlet;jsessionid=9103FDACD73DEDED5017EF23D23AAE0F?RETURNING_FLAG=Y&UNAME=NGULOG&PASSWD=ngulog&C_ID=971&SHOPPING_ID=1)
EB Error: Unable to open URL.(http://localhost:8080/tpcw/TPCW_product_detail_servlet;jsessionid=CB42B2382F59B8009F6CF7D819877C9B?I_ID=7327)
EB Error: Unable to find any items for product detail.(???)
EB Error: Unable to open URL.(http://localhost:8080/tpcw/TPCW_product_detail_servlet;jsessionid=9AC30881F39CC6F8FFF08E60136CC1B3?I_ID=4996&C_ID=768)
EB Error: Unable to open URL.(http://localhost:8080/tpcw/TPCW_product_detail_servlet;jsessionid=24CF77D18CBC23ADE66F79490DEBE288?I_ID=8154&C_ID=976)
EB Error: Unable to open URL.(http://localhost:8080/tpcw/TPCW_product_detail_servlet;jsessionid=AA4491A2962AF8E33559C9A70196D7D2?I_ID=5341&C_ID=24)
EB Error: Unable to open URL.(http://localhost:8080/tpcw/TPCW_product_detail_servlet;jsessionid=300DEA65087992086D87F9EA25DD589B?I_ID=8656&C_ID=256)
EB Error: Unable to open URL.(http://localhost:8080/tpcw/TPCW_product_detail_servlet;jsessionid=0E07CE4D0BE7C62F08069764FBF6B250?I_ID=2529&C_ID=580)
EB Error: Unable to open URL.(http://localhost:8080/tpcw/TPCW_shopping_cart_interaction;jsessionid=84C002D98C8B9F958834C1F5A4AAE49C?ADD_FLAG=N&C_ID=378)
EB Error: Unable to open URL.(http://localhost:8080/tpcw/TPCW_product_detail_servlet;jsessionid=0E07CE4D0BE7C62F08069764FBF6B250?I_ID=2529&C_ID=580)
EB Error: Unable to open URL.(http://localhost:8080/tpcw/TPCW_order_display_servlet;jsessionid=A45F78B2D4252E5919D45D3501E12FCB?UNAME=SEOGAL&PASSWD=seogal&C_ID=512)
EB Error: Unable to find any items for product detail.(???)
EB Error: Unable to open URL.(http://localhost:8080/tpcw/TPCW_product_detail_servlet;jsessionid=0E07CE4D0BE7C62F08069764FBF6B250?I_ID=2529&C_ID=580)
EB Error: Unable to open URL.(http://localhost:8080/tpcw/TPCW_product_detail_servlet;jsessionid=300DEA65087992086D87F9EA25DD589B?I_ID=8656&C_ID=256)
EB Error: Unable to open URL.(http://localhost:8080/tpcw/TPCW_product_detail_servlet;jsessionid=AA4491A2962AF8E33559C9A70196D7D2?I_ID=5341&C_ID=24)
EB Error: Unable to open URL.(http://localhost:8080/tpcw/TPCW_product_detail_servlet;jsessionid=2B096D24C59E98E8DD1EB7089B1E0D2F?I_ID=8280&C_ID=888)
EB Error: Unable to open URL.(http://localhost:8080/tpcw/TPCW_product_detail_servlet;jsessionid=24CF77D18CBC23ADE66F79490DEBE288?I_ID=8154&C_ID=976)
EB Error: Unable to open URL.(http://localhost:8080/tpcw/TPCW_product_detail_servlet;jsessionid=9AC30881F39CC6F8FFF08E60136CC1B3?I_ID=4996&C_ID=768)
EB Error: Unable to open URL.(http://localhost:8080/tpcw/TPCW_product_detail_servlet;jsessionid=9AC30881F39CC6F8FFF08E60136CC1B3?I_ID=4996&C_ID=768)
EB Error: Unable to open URL.(http://localhost:8080/tpcw/TPCW_product_detail_servlet;jsessionid=CB42B2382F59B8009F6CF7D819877C9B?I_ID=7327)
EB Error: Unable to open URL.(http://localhost:8080/tpcw/TPCW_buy_request_servlet;jsessionid=9103FDACD73DEDED5017EF23D23AAE0F?RETURNING_FLAG=Y&UNAME=NGULOG&PASSWD=ngulog&C_ID=971&SHOPPING_ID=1)
EB Error: Unable to open URL.(http://localhost:8080/tpcw/TPCW_product_detail_servlet;jsessionid=F2B923FE824ED8558DA6220ED910CBE2?I_ID=5591&C_ID=496)
EB Error: Unable to find any items for product detail.(???)
EB Error: Unable to open URL.(http://localhost:8080/tpcw/TPCW_buy_request_servlet;jsessionid=9103FDACD73DEDED5017EF23D23AAE0F?RETURNING_FLAG=Y&UNAME=NGULOG&PASSWD=ngulog&C_ID=971&SHOPPING_ID=1)
EB Error: Unable to open URL.(http://localhost:8080/tpcw/TPCW_product_detail_servlet;jsessionid=CB42B2382F59B8009F6CF7D819877C9B?I_ID=7327)
EB Error: Unable to open URL.(http://localhost:8080/tpcw/TPCW_product_detail_servlet;jsessionid=9AC30881F39CC6F8FFF08E60136CC1B3?I_ID=4996&C_ID=768)
EB Error: Unable to open URL.(http://localhost:8080/tpcw/TPCW_product_detail_servlet;jsessionid=24CF77D18CBC23ADE66F79490DEBE288?I_ID=8154&C_ID=976)
EB Error: Unable to open URL.(http://localhost:8080/tpcw/TPCW_product_detail_servlet;jsessionid=AA4491A2962AF8E33559C9A70196D7D2?I_ID=5341&C_ID=24)
EB Error: Unable to open URL.(http://localhost:8080/tpcw/TPCW_product_detail_servlet;jsessionid=2B096D24C59E98E8DD1EB7089B1E0D2F?I_ID=8280&C_ID=888)
EB Error: Unable to open URL.(http://localhost:8080/tpcw/TPCW_product_detail_servlet;jsessionid=300DEA65087992086D87F9EA25DD589B?I_ID=8656&C_ID=256)
EB Error: Unable to open URL.(http://localhost:8080/tpcw/TPCW_shopping_cart_interaction;jsessionid=DB3C4C5F47CAD87DD49E4AE4731DA75E?ADD_FLAG=N&qty=10&C_ID=725&SHOPPING_ID=6)
EB Error: Unable to open URL.(http://localhost:8080/tpcw/TPCW_product_detail_servlet;jsessionid=0E07CE4D0BE7C62F08069764FBF6B250?I_ID=2529&C_ID=580)
EB Error: Unable to open URL.(http://localhost:8080/tpcw/TPCW_order_display_servlet;jsessionid=A45F78B2D4252E5919D45D3501E12FCB?UNAME=SEOGAL&PASSWD=seogal&C_ID=512)
EB Error: Unable to open URL.(http://localhost:8080/tpcw/TPCW_product_detail_servlet;jsessionid=0E07CE4D0BE7C62F08069764FBF6B250?I_ID=2529&C_ID=580)
EB Error: Unable to open URL.(http://localhost:8080/tpcw/TPCW_product_detail_servlet;jsessionid=300DEA65087992086D87F9EA25DD589B?I_ID=8656&C_ID=256)
EB Error: Unable to open URL.(http://localhost:8080/tpcw/TPCW_shopping_cart_interaction;jsessionid=84C002D98C8B9F958834C1F5A4AAE49C?ADD_FLAG=N&C_ID=378)
EB Error: Unable to open URL.(http://localhost:8080/tpcw/TPCW_product_detail_servlet;jsessionid=2B096D24C59E98E8DD1EB7089B1E0D2F?I_ID=8280&C_ID=888)
EB Error: Unable to open URL.(http://localhost:8080/tpcw/TPCW_product_detail_servlet;jsessionid=AA4491A2962AF8E33559C9A70196D7D2?I_ID=5341&C_ID=24)
EB Error: Unable to open URL.(http://localhost:8080/tpcw/TPCW_product_detail_servlet;jsessionid=24CF77D18CBC23ADE66F79490DEBE288?I_ID=8154&C_ID=976)
EB Error: Unable to open URL.(http://localhost:8080/tpcw/TPCW_product_detail_servlet;jsessionid=9AC30881F39CC6F8FFF08E60136CC1B3?I_ID=4996&C_ID=768)
EB Error: Unable to open URL.(http://localhost:8080/tpcw/TPCW_product_detail_servlet;jsessionid=CB42B2382F59B8009F6CF7D819877C9B?I_ID=7327)
EB Error: Unable to open URL.(http://localhost:8080/tpcw/TPCW_buy_request_servlet;jsessionid=9103FDACD73DEDED5017EF23D23AAE0F?RETURNING_FLAG=Y&UNAME=NGULOG&PASSWD=ngulog&C_ID=971&SHOPPING_ID=1)
EB Error: Unable to open URL.(http://localhost:8080/tpcw/TPCW_product_detail_servlet;jsessionid=F2B923FE824ED8558DA6220ED910CBE2?I_ID=5591&C_ID=496)
EB Error: Unable to open URL.(http://localhost:8080/tpcw/TPCW_buy_request_servlet;jsessionid=9103FDACD73DEDED5017EF23D23AAE0F?RETURNING_FLAG=Y&UNAME=NGULOG&PASSWD=ngulog&C_ID=971&SHOPPING_ID=1)
EB Error: Unable to open URL.(http://localhost:8080/tpcw/TPCW_product_detail_servlet;jsessionid=CB42B2382F59B8009F6CF7D819877C9B?I_ID=7327)
EB Error: Unable to open URL.(http://localhost:8080/tpcw/TPCW_product_detail_servlet;jsessionid=9AC30881F39CC6F8FFF08E60136CC1B3?I_ID=4996&C_ID=768)
EB Error: Unable to open URL.(http://localhost:8080/tpcw/TPCW_product_detail_servlet;jsessionid=24CF77D18CBC23ADE66F79490DEBE288?I_ID=8154&C_ID=976)
EB Error: Unable to open URL.(http://localhost:8080/tpcw/TPCW_product_detail_servlet;jsessionid=AA4491A2962AF8E33559C9A70196D7D2?I_ID=5341&C_ID=24)
EB Error: Unable to find any items for product detail.(???)
EB Error: Unable to open URL.(http://localhost:8080/tpcw/TPCW_product_detail_servlet;jsessionid=2B096D24C59E98E8DD1EB7089B1E0D2F?I_ID=8280&C_ID=888)
EB Error: Unable to open URL.(http://localhost:8080/tpcw/TPCW_shopping_cart_interaction;jsessionid=DB3C4C5F47CAD87DD49E4AE4731DA75E?ADD_FLAG=N&qty=10&C_ID=725&SHOPPING_ID=6)
EB Error: Unable to open URL.(http://localhost:8080/tpcw/TPCW_product_detail_servlet;jsessionid=300DEA65087992086D87F9EA25DD589B?I_ID=8656&C_ID=256)
EB Error: Unable to open URL.(http://localhost:8080/tpcw/TPCW_product_detail_servlet;jsessionid=0E07CE4D0BE7C62F08069764FBF6B250?I_ID=2529&C_ID=580)
EB Error: Unable to open URL.(http://localhost:8080/tpcw/TPCW_product_detail_servlet;jsessionid=10B73C1A4ECC06D9553D9583101FC71E?I_ID=828)
EB Error: Unable to open URL.(http://localhost:8080/tpcw/TPCW_order_display_servlet;jsessionid=A45F78B2D4252E5919D45D3501E12FCB?UNAME=SEOGAL&PASSWD=seogal&C_ID=512)
EB Error: Unable to open URL.(http://localhost:8080/tpcw/TPCW_product_detail_servlet;jsessionid=10B73C1A4ECC06D9553D9583101FC71E?I_ID=828)
EB Error: Unable to open URL.(http://localhost:8080/tpcw/TPCW_product_detail_servlet;jsessionid=0E07CE4D0BE7C62F08069764FBF6B250?I_ID=2529&C_ID=580)
EB Error: Unable to open URL.(http://localhost:8080/tpcw/TPCW_shopping_cart_interaction;jsessionid=84C002D98C8B9F958834C1F5A4AAE49C?ADD_FLAG=N&C_ID=378)
EB Error: Unable to open URL.(http://localhost:8080/tpcw/TPCW_product_detail_servlet;jsessionid=300DEA65087992086D87F9EA25DD589B?I_ID=8656&C_ID=256)
EB Error: Unable to open URL.(http://localhost:8080/tpcw/TPCW_product_detail_servlet;jsessionid=2B096D24C59E98E8DD1EB7089B1E0D2F?I_ID=8280&C_ID=888)
EB Error: Unable to open URL.(http://localhost:8080/tpcw/TPCW_product_detail_servlet;jsessionid=AA4491A2962AF8E33559C9A70196D7D2?I_ID=5341&C_ID=24)
EB Error: Unable to open URL.(http://localhost:8080/tpcw/TPCW_product_detail_servlet;jsessionid=24CF77D18CBC23ADE66F79490DEBE288?I_ID=8154&C_ID=976)
EB Error: Unable to open URL.(http://localhost:8080/tpcw/TPCW_product_detail_servlet;jsessionid=24CF77D18CBC23ADE66F79490DEBE288?I_ID=8154&C_ID=976)
EB Error: Unable to open URL.(http://localhost:8080/tpcw/TPCW_product_detail_servlet;jsessionid=9AC30881F39CC6F8FFF08E60136CC1B3?I_ID=4996&C_ID=768)
EB Error: Unable to open URL.(http://localhost:8080/tpcw/TPCW_product_detail_servlet;jsessionid=CB42B2382F59B8009F6CF7D819877C9B?I_ID=7327)
EB Error: Unable to open URL.(http://localhost:8080/tpcw/TPCW_buy_request_servlet;jsessionid=9103FDACD73DEDED5017EF23D23AAE0F?RETURNING_FLAG=Y&UNAME=NGULOG&PASSWD=ngulog&C_ID=971&SHOPPING_ID=1)
EB Error: Unable to open URL.(http://localhost:8080/tpcw/TPCW_product_detail_servlet;jsessionid=F58C6B0D9DCC07648FBFDCC879CC81CB?I_ID=9201&C_ID=619)
EB Error: Unable to open URL.(http://localhost:8080/tpcw/TPCW_product_detail_servlet;jsessionid=F2B923FE824ED8558DA6220ED910CBE2?I_ID=5591&C_ID=496)
EB Error: Unable to open URL.(http://localhost:8080/tpcw/TPCW_buy_request_servlet;jsessionid=9103FDACD73DEDED5017EF23D23AAE0F?RETURNING_FLAG=Y&UNAME=NGULOG&PASSWD=ngulog&C_ID=971&SHOPPING_ID=1)
EB Error: Unable to open URL.(http://localhost:8080/tpcw/TPCW_product_detail_servlet;jsessionid=F58C6B0D9DCC07648FBFDCC879CC81CB?I_ID=9201&C_ID=619)
EB Error: Unable to open URL.(http://localhost:8080/tpcw/TPCW_product_detail_servlet;jsessionid=CB42B2382F59B8009F6CF7D819877C9B?I_ID=7327)
EB Error: Unable to open URL.(http://localhost:8080/tpcw/TPCW_product_detail_servlet;jsessionid=9AC30881F39CC6F8FFF08E60136CC1B3?I_ID=4996&C_ID=768)
EB Error: Unable to open URL.(http://localhost:8080/tpcw/TPCW_product_detail_servlet;jsessionid=24CF77D18CBC23ADE66F79490DEBE288?I_ID=8154&C_ID=976)
EB Error: Unable to open URL.(http://localhost:8080/tpcw/TPCW_product_detail_servlet;jsessionid=AA4491A2962AF8E33559C9A70196D7D2?I_ID=5341&C_ID=24)
EB Error: Unable to open URL.(http://localhost:8080/tpcw/TPCW_product_detail_servlet;jsessionid=2B096D24C59E98E8DD1EB7089B1E0D2F?I_ID=8280&C_ID=888)
EB Error: Unable to open URL.(http://localhost:8080/tpcw/TPCW_shopping_cart_interaction;jsessionid=DB3C4C5F47CAD87DD49E4AE4731DA75E?ADD_FLAG=N&qty=10&C_ID=725&SHOPPING_ID=6)
EB Error: Unable to find any items for product detail.(???)
EB Error: Unable to open URL.(http://localhost:8080/tpcw/TPCW_product_detail_servlet;jsessionid=300DEA65087992086D87F9EA25DD589B?I_ID=8656&C_ID=256)
EB Error: Unable to open URL.(http://localhost:8080/tpcw/TPCW_shopping_cart_interaction;jsessionid=84C002D98C8B9F958834C1F5A4AAE49C?ADD_FLAG=N&C_ID=378)
EB Error: Unable to open URL.(http://localhost:8080/tpcw/TPCW_product_detail_servlet;jsessionid=0E07CE4D0BE7C62F08069764FBF6B250?I_ID=2529&C_ID=580)
EB Error: Unable to open URL.(http://localhost:8080/tpcw/TPCW_product_detail_servlet;jsessionid=10B73C1A4ECC06D9553D9583101FC71E?I_ID=828)
EB Error: Unable to open URL.(http://localhost:8080/tpcw/TPCW_order_display_servlet;jsessionid=A45F78B2D4252E5919D45D3501E12FCB?UNAME=SEOGAL&PASSWD=seogal&C_ID=512)
EB Error: Unable to open URL.(http://localhost:8080/tpcw/TPCW_product_detail_servlet;jsessionid=10B73C1A4ECC06D9553D9583101FC71E?I_ID=828)
EB Error: Unable to open URL.(http://localhost:8080/tpcw/TPCW_product_detail_servlet;jsessionid=0E07CE4D0BE7C62F08069764FBF6B250?I_ID=2529&C_ID=580)
EB Error: Unable to open URL.(http://localhost:8080/tpcw/TPCW_product_detail_servlet;jsessionid=300DEA65087992086D87F9EA25DD589B?I_ID=8656&C_ID=256)
EB Error: Unable to open URL.(http://localhost:8080/tpcw/TPCW_product_detail_servlet;jsessionid=2B096D24C59E98E8DD1EB7089B1E0D2F?I_ID=8280&C_ID=888)
EB Error: Unable to open URL.(http://localhost:8080/tpcw/TPCW_product_detail_servlet;jsessionid=AA4491A2962AF8E33559C9A70196D7D2?I_ID=5341&C_ID=24)
EB Error: Unable to open URL.(http://localhost:8080/tpcw/TPCW_product_detail_servlet;jsessionid=24CF77D18CBC23ADE66F79490DEBE288?I_ID=8154&C_ID=976)
EB Error: Unable to open URL.(http://localhost:8080/tpcw/TPCW_product_detail_servlet;jsessionid=9AC30881F39CC6F8FFF08E60136CC1B3?I_ID=4996&C_ID=768)
EB Error: Unable to open URL.(http://localhost:8080/tpcw/TPCW_product_detail_servlet;jsessionid=CB42B2382F59B8009F6CF7D819877C9B?I_ID=7327)
EB Error: Unable to open URL.(http://localhost:8080/tpcw/TPCW_buy_request_servlet;jsessionid=9103FDACD73DEDED5017EF23D23AAE0F?RETURNING_FLAG=Y&UNAME=NGULOG&PASSWD=ngulog&C_ID=971&SHOPPING_ID=1)
EB Error: Unable to open URL.(http://localhost:8080/tpcw/TPCW_product_detail_servlet;jsessionid=F58C6B0D9DCC07648FBFDCC879CC81CB?I_ID=9201&C_ID=619)
EB Error: Unable to open URL.(http://localhost:8080/tpcw/TPCW_product_detail_servlet;jsessionid=F2B923FE824ED8558DA6220ED910CBE2?I_ID=5591&C_ID=496)
EB Error: Restarting new user session due to error.( <???>)
TPCW Broswing Mix EB #189 completed user session.
EB Error: Restarting new user session due to error.( <???>)
TPCW Broswing Mix EB #167 completed user session.
EB Error: Restarting new user session due to error.( <???>)
TPCW Broswing Mix EB #191 completed user session.
EB Error: Restarting new user session due to error.( <???>)
TPCW Broswing Mix EB #356 completed user session.
EB Error: Restarting new user session due to error.( <???>)
TPCW Broswing Mix EB #96 completed user session.
EB Error: Restarting new user session due to error.( <???>)
TPCW Broswing Mix EB #52 completed user session.
EB Error: Restarting new user session due to error.( <???>)
TPCW Broswing Mix EB #368 completed user session.
EB Error: Restarting new user session due to error.( <???>)
TPCW Broswing Mix EB #30 completed user session.
EB Error: Unable to open URL.(http://localhost:8080/tpcw/TPCW_product_detail_servlet;jsessionid=F58C6B0D9DCC07648FBFDCC879CC81CB?I_ID=9201&C_ID=619)
EB Error: Unable to open URL.(http://localhost:8080/tpcw/TPCW_shopping_cart_interaction;jsessionid=84C002D98C8B9F958834C1F5A4AAE49C?ADD_FLAG=N&C_ID=378)
EB Error: Unable to open URL.(http://localhost:8080/tpcw/TPCW_shopping_cart_interaction;jsessionid=DB3C4C5F47CAD87DD49E4AE4731DA75E?ADD_FLAG=N&qty=10&C_ID=725&SHOPPING_ID=6)
EB Error: Unable to open URL.(http://localhost:8080/tpcw/TPCW_product_detail_servlet;jsessionid=9C719150397563BA055F5265C7D2B5F5?I_ID=7466&C_ID=970)
EB Error: Unable to open URL.(http://localhost:8080/tpcw/TPCW_product_detail_servlet;jsessionid=1ED56C2B1C4D44C5232B91BC13F0E9E3?I_ID=9009&C_ID=430)
EB Error: Unable to open URL.(http://localhost:8080/tpcw/TPCW_product_detail_servlet;jsessionid=B0561930BBC602D5D11F3474012D4C46?I_ID=8439&C_ID=988)
EB Error: Unable to open URL.(http://localhost:8080/tpcw/TPCW_product_detail_servlet;jsessionid=9AD716D3A9140F64C9F23B8740DD05BD?I_ID=1583&C_ID=198)
EB Error: Unable to open URL.(http://localhost:8080/tpcw/TPCW_order_display_servlet;jsessionid=054CD54F7D6468635D3A2891E80A6A35?UNAME=NGULAT&PASSWD=ngulat&C_ID=976)
EB Error: Unable to open URL.(http://localhost:8080/tpcw/TPCW_product_detail_servlet;jsessionid=1B292ED81A916408212A44CF0FF20F9E?I_ID=6191&C_ID=232)
EB Error: Unable to open URL.(http://localhost:8080/tpcw/TPCW_product_detail_servlet;jsessionid=8BA4F51F43B2260C4626AB00188D6B4E?I_ID=2548)
EB Error: Unable to open URL.(http://localhost:8080/tpcw/TPCW_product_detail_servlet;jsessionid=221ED2DDA7C63706D6210435F718A706?I_ID=2059)
EB Error: Unable to open URL.(http://localhost:8080/tpcw/TPCW_product_detail_servlet;jsessionid=0CEC7492242FE0F785384C3582A10AEE?I_ID=6169)
EB Error: Unable to open URL.(http://localhost:8080/tpcw/TPCW_product_detail_servlet;jsessionid=F58C6B0D9DCC07648FBFDCC879CC81CB?I_ID=9201&C_ID=619)
EB Error: Unable to open URL.(http://localhost:8080/tpcw/TPCW_product_detail_servlet;jsessionid=87CFD706B73D42F9925A8F237E863A1E?I_ID=3889&C_ID=18)
EB Error: Unable to open URL.(http://localhost:8080/tpcw/TPCW_product_detail_servlet;jsessionid=E134F61D6236A48928B72C2D402BC496?I_ID=8656&C_ID=736)
EB Error: Unable to open URL.(http://localhost:8080/tpcw/TPCW_product_detail_servlet;jsessionid=CF1152229BF82579C7724B179FE66062?I_ID=3341&C_ID=404)
EB Error: Unable to open URL.(http://localhost:8080/tpcw/TPCW_product_detail_servlet;jsessionid=F2B923FE824ED8558DA6220ED910CBE2?I_ID=5591&C_ID=496)
EB Error: Unable to open URL.(http://localhost:8080/tpcw/TPCW_product_detail_servlet;jsessionid=E238FE35C655DA7E73591E8E3C6E74D8?I_ID=157&C_ID=691)
EB Error: Unable to open URL.(http://localhost:8080/tpcw/TPCW_product_detail_servlet;jsessionid=EFEC5FE0797DBD81B215476EB918CBAE?I_ID=9455)
EB Error: Unable to open URL.(http://localhost:8080/tpcw/TPCW_product_detail_servlet;jsessionid=A02F66C3772556676C414CA577F077E0?I_ID=5050&C_ID=960)
EB Error: Unable to open URL.(http://localhost:8080/tpcw/TPCW_product_detail_servlet;jsessionid=8E3DDF3770484E5E1B4CDE7A5703BF24?I_ID=3837&C_ID=477)
EB Error: Unable to open URL.(http://localhost:8080/tpcw/TPCW_product_detail_servlet;jsessionid=C34E703C7316CB34A06DCC634859330F?I_ID=8994&C_ID=24)
EB Error: Unable to open URL.(http://localhost:8080/tpcw/TPCW_product_detail_servlet;jsessionid=36F8A4A4ED0240D12538FC887ADDC392?I_ID=1405&C_ID=976)
EB Error: Unable to open URL.(http://localhost:8080/tpcw/TPCW_shopping_cart_interaction;jsessionid=FEC19F1D81645DF964410EFD1503A729?ADD_FLAG=N&C_ID=971)
EB Error: Unable to open URL.(http://localhost:8080/tpcw/TPCW_product_detail_servlet;jsessionid=46A913C3CF8A1CB19B35E07636362EE1?I_ID=9352&C_ID=7)
EB Error: Unable to open URL.(http://localhost:8080/tpcw/TPCW_product_detail_servlet;jsessionid=74E394003D7DF6C7B859C7B436A3776D?I_ID=7303&C_ID=863)
EB Error: Unable to open URL.(http://localhost:8080/tpcw/TPCW_product_detail_servlet;jsessionid=0A4AF899A0E6B4B5499E86772AED46BD?I_ID=9613&C_ID=24)
EB Error: Unable to find any items for product detail.(???)
EB Error: Unable to find any items for product detail.(???)
EB Error: Unable to find any items for product detail.(???)
EB Error: Unable to open URL.(http://localhost:8080/tpcw/TPCW_product_detail_servlet;jsessionid=E5A6EEDD6732585437198D97472B90E3?I_ID=287&C_ID=960)
EB Error: Unable to find any items for product detail.(???)
EB Error: Unable to find any items for product detail.(???)
EB Error: Unable to find any items for product detail.(???)
EB Error: Unable to find any items for product detail.(???)
EB Error: Unable to find any items for product detail.(???)
EB Error: Unable to find any items for product detail.(???)
EB Error: Unable to find any items for product detail.(???)
EB Error: Unable to find any items for product detail.(???)
EB Error: Unable to find any items for product detail.(???)
EB Error: Unable to find any items for product detail.(???)
EB Error: Unable to open URL.(http://localhost:8080/tpcw/TPCW_product_detail_servlet;jsessionid=96D332FBF4053304766F1D0FBE419A4A?I_ID=3596&C_ID=944)
EB Error: Unable to open URL.(http://localhost:8080/tpcw/TPCW_shopping_cart_interaction;jsessionid=DB3C4C5F47CAD87DD49E4AE4731DA75E?ADD_FLAG=N&qty=10&C_ID=725&SHOPPING_ID=6)
EB Error: Unable to open URL.(http://localhost:8080/tpcw/TPCW_shopping_cart_interaction;jsessionid=83CFAF9456392A21A86AAF35E058B8C4?ADD_FLAG=N&C_ID=828)
EB Error: Unable to open URL.(http://localhost:8080/tpcw/TPCW_shopping_cart_interaction;jsessionid=23770825E81851AA790B9B86BD4DA1D5?ADD_FLAG=N&qty=2&C_ID=220&SHOPPING_ID=9)
EB Error: Unable to find any items for product detail.(???)
TPCW Broswing Mix EB #114 completed user session.
EB Error: Restarting new user session due to error.( <???>)
TPCW Broswing Mix EB #347 completed user session.
EB Error: Restarting new user session due to error.( <???>)
TPCW Broswing Mix EB #251 completed user session.
EB Error: Unable to find any items for product detail.(???)
EB Error: Unable to find any items for product detail.(???)
EB Error: Restarting new user session due to error.( <???>)
TPCW Broswing Mix EB #68 completed user session.
EB Error: Restarting new user session due to error.( <???>)
TPCW Broswing Mix EB #77 completed user session.
EB Error: Restarting new user session due to error.( <???>)
TPCW Broswing Mix EB #247 completed user session.
EB Error: Restarting new user session due to error.( <???>)
TPCW Broswing Mix EB #321 completed user session.
EB Error: Restarting new user session due to error.( <???>)
TPCW Broswing Mix EB #83 completed user session.
EB Error: Restarting new user session due to error.( <???>)
TPCW Broswing Mix EB #74 completed user session.
EB Error: Restarting new user session due to error.( <???>)
TPCW Broswing Mix EB #1 completed user session.
TPCW Broswing Mix EB #69 completed user session.
EB Error: Restarting new user session due to error.( <???>)
TPCW Broswing Mix EB #105 completed user session.
EB Error: Restarting new user session due to error.( <???>)
TPCW Broswing Mix EB #7 completed user session.
EB Error: Restarting new user session due to error.( <???>)
TPCW Broswing Mix EB #4 completed user session.
EB Error: Restarting new user session due to error.( <???>)
TPCW Broswing Mix EB #271 completed user session.
EB Error: Restarting new user session due to error.( <???>)
TPCW Broswing Mix EB #17 completed user session.
Terminating EBs...
EB TPCW Broswing Mix EB #137commiting suicide!
EB TPCW Broswing Mix EB #190commiting suicide!
EB TPCW Broswing Mix EB #324commiting suicide!
EB TPCW Broswing Mix EB #288commiting suicide!
EB TPCW Broswing Mix EB #215commiting suicide!
EB TPCW Broswing Mix EB #230commiting suicide!
EB TPCW Broswing Mix EB #87commiting suicide!
EB TPCW Broswing Mix EB #155commiting suicide!
EB TPCW Broswing Mix EB #292commiting suicide!
EB TPCW Broswing Mix EB #120commiting suicide!
EB TPCW Broswing Mix EB #39commiting suicide!
EB TPCW Broswing Mix EB #329commiting suicide!
EB TPCW Broswing Mix EB #267commiting suicide!
EB TPCW Broswing Mix EB #317commiting suicide!
EB TPCW Broswing Mix EB #387commiting suicide!
EB TPCW Broswing Mix EB #391commiting suicide!
EB TPCW Broswing Mix EB #315commiting suicide!
EB TPCW Broswing Mix EB #339commiting suicide!
EB TPCW Broswing Mix EB #94commiting suicide!
EB TPCW Broswing Mix EB #335commiting suicide!
EB TPCW Broswing Mix EB #157commiting suicide!
EB TPCW Broswing Mix EB #207commiting suicide!
EB TPCW Broswing Mix EB #8commiting suicide!
EB TPCW Broswing Mix EB #246commiting suicide!
EB TPCW Broswing Mix EB #75commiting suicide!
EB TPCW Broswing Mix EB #284commiting suicide!
EB TPCW Broswing Mix EB #299commiting suicide!
EB TPCW Broswing Mix EB #238commiting suicide!
EB TPCW Broswing Mix EB #220commiting suicide!
EB TPCW Broswing Mix EB #41commiting suicide!
EB TPCW Broswing Mix EB #69commiting suicide!
EB TPCW Broswing Mix EB #308commiting suicide!
EB TPCW Broswing Mix EB #368commiting suicide!
EB TPCW Broswing Mix EB #219commiting suicide!
EB TPCW Broswing Mix EB #102commiting suicide!
EB TPCW Broswing Mix EB #206commiting suicide!
EB TPCW Broswing Mix EB #252commiting suicide!
EB TPCW Broswing Mix EB #320commiting suicide!
EB TPCW Broswing Mix EB #16commiting suicide!
EB TPCW Broswing Mix EB #28commiting suicide!
EB TPCW Broswing Mix EB #226commiting suicide!
EB TPCW Broswing Mix EB #359commiting suicide!
EB TPCW Broswing Mix EB #361commiting suicide!
EB TPCW Broswing Mix EB #121commiting suicide!
EB TPCW Broswing Mix EB #397commiting suicide!
EB TPCW Broswing Mix EB #341commiting suicide!
EB TPCW Broswing Mix EB #108commiting suicide!
EB TPCW Broswing Mix EB #373commiting suicide!
EB TPCW Broswing Mix EB #400commiting suicide!
EB TPCW Broswing Mix EB #305commiting suicide!
EB TPCW Broswing Mix EB #231commiting suicide!
EB TPCW Broswing Mix EB #88commiting suicide!
EB TPCW Broswing Mix EB #313commiting suicide!
EB TPCW Broswing Mix EB #295commiting suicide!
EB TPCW Broswing Mix EB #115commiting suicide!
EB TPCW Broswing Mix EB #171commiting suicide!
EB TPCW Broswing Mix EB #398commiting suicide!
EB TPCW Broswing Mix EB #234commiting suicide!
EB TPCW Broswing Mix EB #248commiting suicide!
EB TPCW Broswing Mix EB #189commiting suicide!
EB TPCW Broswing Mix EB #279commiting suicide!
EB TPCW Broswing Mix EB #318commiting suicide!
EB TPCW Broswing Mix EB #337commiting suicide!
EB TPCW Broswing Mix EB #259commiting suicide!
EB TPCW Broswing Mix EB #354commiting suicide!
EB TPCW Broswing Mix EB #57commiting suicide!
EB TPCW Broswing Mix EB #297commiting suicide!
EB TPCW Broswing Mix EB #135commiting suicide!
EB TPCW Broswing Mix EB #376commiting suicide!
EB TPCW Broswing Mix EB #290commiting suicide!
EB TPCW Broswing Mix EB #194commiting suicide!
EB TPCW Broswing Mix EB #109commiting suicide!
EB TPCW Broswing Mix EB #18commiting suicide!
EB TPCW Broswing Mix EB #209commiting suicide!
EB TPCW Broswing Mix EB #24commiting suicide!
EB TPCW Broswing Mix EB #81commiting suicide!
EB TPCW Broswing Mix EB #148commiting suicide!
EB TPCW Broswing Mix EB #56commiting suicide!
EB TPCW Broswing Mix EB #43commiting suicide!
EB TPCW Broswing Mix EB #191commiting suicide!
EB TPCW Broswing Mix EB #214commiting suicide!
EB TPCW Broswing Mix EB #266commiting suicide!
EB TPCW Broswing Mix EB #31commiting suicide!
EB TPCW Broswing Mix EB #276commiting suicide!
EB TPCW Broswing Mix EB #63commiting suicide!
EB TPCW Broswing Mix EB #129commiting suicide!
EB TPCW Broswing Mix EB #54commiting suicide!
EB TPCW Broswing Mix EB #3commiting suicide!
EB TPCW Broswing Mix EB #66commiting suicide!
EB TPCW Broswing Mix EB #399commiting suicide!
EB TPCW Broswing Mix EB #283commiting suicide!
EB TPCW Broswing Mix EB #159commiting suicide!
EB TPCW Broswing Mix EB #205commiting suicide!
EB TPCW Broswing Mix EB #156commiting suicide!
EB TPCW Broswing Mix EB #382commiting suicide!
EB TPCW Broswing Mix EB #374commiting suicide!
EB TPCW Broswing Mix EB #262commiting suicide!
EB TPCW Broswing Mix EB #371commiting suicide!
EB TPCW Broswing Mix EB #105commiting suicide!
EB TPCW Broswing Mix EB #99commiting suicide!
EB TPCW Broswing Mix EB #338commiting suicide!
EB TPCW Broswing Mix EB #282commiting suicide!
EB TPCW Broswing Mix EB #23commiting suicide!
EB TPCW Broswing Mix EB #161commiting suicide!
EB TPCW Broswing Mix EB #326commiting suicide!
EB TPCW Broswing Mix EB #351commiting suicide!
EB TPCW Broswing Mix EB #333commiting suicide!
EB TPCW Broswing Mix EB #253commiting suicide!
EB TPCW Broswing Mix EB #50commiting suicide!
EB TPCW Broswing Mix EB #216commiting suicide!
EB TPCW Broswing Mix EB #47commiting suicide!
EB TPCW Broswing Mix EB #381commiting suicide!
EB TPCW Broswing Mix EB #386commiting suicide!
EB TPCW Broswing Mix EB #389commiting suicide!
EB TPCW Broswing Mix EB #369commiting suicide!
EB TPCW Broswing Mix EB #82commiting suicide!
EB TPCW Broswing Mix EB #128commiting suicide!
EB TPCW Broswing Mix EB #173commiting suicide!
EB TPCW Broswing Mix EB #312commiting suicide!
EB TPCW Broswing Mix EB #358commiting suicide!
EB TPCW Broswing Mix EB #15commiting suicide!
EB TPCW Broswing Mix EB #203commiting suicide!
EB TPCW Broswing Mix EB #22commiting suicide!
EB TPCW Broswing Mix EB #117commiting suicide!
EB TPCW Broswing Mix EB #147commiting suicide!
EB TPCW Broswing Mix EB #274commiting suicide!
EB TPCW Broswing Mix EB #168commiting suicide!
EB TPCW Broswing Mix EB #269commiting suicide!
EB TPCW Broswing Mix EB #97commiting suicide!
EB TPCW Broswing Mix EB #85commiting suicide!
EB TPCW Broswing Mix EB #68commiting suicide!
EB TPCW Broswing Mix EB #364commiting suicide!
EB TPCW Broswing Mix EB #174commiting suicide!
EB TPCW Broswing Mix EB #184commiting suicide!
EB TPCW Broswing Mix EB #281commiting suicide!
EB TPCW Broswing Mix EB #170commiting suicide!
EB TPCW Broswing Mix EB #331commiting suicide!
EB TPCW Broswing Mix EB #298commiting suicide!
EB TPCW Broswing Mix EB #278commiting suicide!
EB TPCW Broswing Mix EB #46commiting suicide!
EB TPCW Broswing Mix EB #98commiting suicide!
EB TPCW Broswing Mix EB #5commiting suicide!
EB TPCW Broswing Mix EB #304commiting suicide!
EB TPCW Broswing Mix EB #42commiting suicide!
EB TPCW Broswing Mix EB #20commiting suicide!
EB TPCW Broswing Mix EB #360commiting suicide!
EB TPCW Broswing Mix EB #261commiting suicide!
EB TPCW Broswing Mix EB #195commiting suicide!
EB TPCW Broswing Mix EB #101commiting suicide!
EB TPCW Broswing Mix EB #172commiting suicide!
EB TPCW Broswing Mix EB #250commiting suicide!
EB TPCW Broswing Mix EB #346commiting suicide!
EB TPCW Broswing Mix EB #79commiting suicide!
EB TPCW Broswing Mix EB #213commiting suicide!
EB TPCW Broswing Mix EB #314commiting suicide!
EB TPCW Broswing Mix EB #58commiting suicide!
EB TPCW Broswing Mix EB #151commiting suicide!
EB TPCW Broswing Mix EB #12commiting suicide!
EB TPCW Broswing Mix EB #303commiting suicide!
EB TPCW Broswing Mix EB #107commiting suicide!
EB TPCW Broswing Mix EB #104commiting suicide!
EB TPCW Broswing Mix EB #357commiting suicide!
EB TPCW Broswing Mix EB #244commiting suicide!
EB TPCW Broswing Mix EB #344commiting suicide!
EB TPCW Broswing Mix EB #131commiting suicide!
EB TPCW Broswing Mix EB #243commiting suicide!
EB TPCW Broswing Mix EB #86commiting suicide!
EB TPCW Broswing Mix EB #4commiting suicide!
EB TPCW Broswing Mix EB #247commiting suicide!
EB TPCW Broswing Mix EB #378commiting suicide!
EB TPCW Broswing Mix EB #254commiting suicide!
EB TPCW Broswing Mix EB #1commiting suicide!
EB TPCW Broswing Mix EB #142commiting suicide!
EB TPCW Broswing Mix EB #158commiting suicide!
EB TPCW Broswing Mix EB #285commiting suicide!
EB TPCW Broswing Mix EB #350commiting suicide!
EB TPCW Broswing Mix EB #32commiting suicide!
EB TPCW Broswing Mix EB #286commiting suicide!
EB TPCW Broswing Mix EB #67commiting suicide!
EB TPCW Broswing Mix EB #271commiting suicide!
EB TPCW Broswing Mix EB #146commiting suicide!
EB TPCW Broswing Mix EB #29commiting suicide!
EB TPCW Broswing Mix EB #34commiting suicide!
EB TPCW Broswing Mix EB #388commiting suicide!
EB TPCW Broswing Mix EB #127commiting suicide!
EB TPCW Broswing Mix EB #224commiting suicide!
EB TPCW Broswing Mix EB #277commiting suicide!
EB TPCW Broswing Mix EB #80commiting suicide!
EB TPCW Broswing Mix EB #48commiting suicide!
EB TPCW Broswing Mix EB #291commiting suicide!
EB TPCW Broswing Mix EB #233commiting suicide!
EB TPCW Broswing Mix EB #327commiting suicide!
EB TPCW Broswing Mix EB #384commiting suicide!
EB TPCW Broswing Mix EB #110commiting suicide!
EB TPCW Broswing Mix EB #62commiting suicide!
EB TPCW Broswing Mix EB #130commiting suicide!
EB TPCW Broswing Mix EB #322commiting suicide!
EB TPCW Broswing Mix EB #125commiting suicide!
EB TPCW Broswing Mix EB #193commiting suicide!
EB TPCW Broswing Mix EB #204commiting suicide!
EB TPCW Broswing Mix EB #140commiting suicide!
EB TPCW Broswing Mix EB #35commiting suicide!
EB TPCW Broswing Mix EB #78commiting suicide!
EB TPCW Broswing Mix EB #275commiting suicide!
EB TPCW Broswing Mix EB #61commiting suicide!
EB TPCW Broswing Mix EB #306commiting suicide!
EB TPCW Broswing Mix EB #187commiting suicide!
EB TPCW Broswing Mix EB #45commiting suicide!
EB TPCW Broswing Mix EB #229commiting suicide!
EB TPCW Broswing Mix EB #2commiting suicide!
EB TPCW Broswing Mix EB #55commiting suicide!
EB TPCW Broswing Mix EB #363commiting suicide!
EB TPCW Broswing Mix EB #114commiting suicide!
EB TPCW Broswing Mix EB #370commiting suicide!
EB TPCW Broswing Mix EB #167commiting suicide!
EB TPCW Broswing Mix EB #179commiting suicide!
EB TPCW Broswing Mix EB #255commiting suicide!
EB TPCW Broswing Mix EB #134commiting suicide!
EB TPCW Broswing Mix EB #353commiting suicide!
EB TPCW Broswing Mix EB #218commiting suicide!
EB TPCW Broswing Mix EB #73commiting suicide!
EB TPCW Broswing Mix EB #181commiting suicide!
EB TPCW Broswing Mix EB #196commiting suicide!
EB TPCW Broswing Mix EB #355commiting suicide!
EB TPCW Broswing Mix EB #208commiting suicide!
EB TPCW Broswing Mix EB #49commiting suicide!
EB TPCW Broswing Mix EB #19commiting suicide!
EB TPCW Broswing Mix EB #352commiting suicide!
EB TPCW Broswing Mix EB #132commiting suicide!
EB TPCW Broswing Mix EB #380commiting suicide!
EB TPCW Broswing Mix EB #96commiting suicide!
EB TPCW Broswing Mix EB #25commiting suicide!
EB TPCW Broswing Mix EB #270commiting suicide!
EB TPCW Broswing Mix EB #242commiting suicide!
EB TPCW Broswing Mix EB #185commiting suicide!
EB TPCW Broswing Mix EB #211commiting suicide!
EB TPCW Broswing Mix EB #377commiting suicide!
EB TPCW Broswing Mix EB #272commiting suicide!
EB TPCW Broswing Mix EB #119commiting suicide!
EB TPCW Broswing Mix EB #300commiting suicide!
EB TPCW Broswing Mix EB #13commiting suicide!
EB TPCW Broswing Mix EB #221commiting suicide!
EB TPCW Broswing Mix EB #163commiting suicide!
EB TPCW Broswing Mix EB #316commiting suicide!
EB TPCW Broswing Mix EB #118commiting suicide!
EB TPCW Broswing Mix EB #141commiting suicide!
EB TPCW Broswing Mix EB #33commiting suicide!
EB TPCW Broswing Mix EB #390commiting suicide!
EB TPCW Broswing Mix EB #289commiting suicide!
EB TPCW Broswing Mix EB #165commiting suicide!
EB TPCW Broswing Mix EB #175commiting suicide!
EB TPCW Broswing Mix EB #336commiting suicide!
EB TPCW Broswing Mix EB #257commiting suicide!
EB TPCW Broswing Mix EB #260commiting suicide!
EB TPCW Broswing Mix EB #392commiting suicide!
EB TPCW Broswing Mix EB #235commiting suicide!
EB TPCW Broswing Mix EB #356commiting suicide!
EB TPCW Broswing Mix EB #162commiting suicide!
EB TPCW Broswing Mix EB #302commiting suicide!
EB TPCW Broswing Mix EB #59commiting suicide!
EB TPCW Broswing Mix EB #222commiting suicide!
EB TPCW Broswing Mix EB #53commiting suicide!
EB TPCW Broswing Mix EB #166commiting suicide!
EB TPCW Broswing Mix EB #123commiting suicide!
EB TPCW Broswing Mix EB #340commiting suicide!
EB TPCW Broswing Mix EB #139commiting suicide!
EB TPCW Broswing Mix EB #136commiting suicide!
EB TPCW Broswing Mix EB #239commiting suicide!
EB TPCW Broswing Mix EB #126commiting suicide!
EB TPCW Broswing Mix EB #228commiting suicide!
EB TPCW Broswing Mix EB #200commiting suicide!
EB TPCW Broswing Mix EB #294commiting suicide!
EB TPCW Broswing Mix EB #27commiting suicide!
EB TPCW Broswing Mix EB #241commiting suicide!
EB TPCW Broswing Mix EB #65commiting suicide!
EB TPCW Broswing Mix EB #176commiting suicide!
EB TPCW Broswing Mix EB #93commiting suicide!
EB TPCW Broswing Mix EB #113commiting suicide!
EB TPCW Broswing Mix EB #227commiting suicide!
EB TPCW Broswing Mix EB #124commiting suicide!
EB TPCW Broswing Mix EB #92commiting suicide!
EB TPCW Broswing Mix EB #197commiting suicide!
EB TPCW Broswing Mix EB #116commiting suicide!
EB TPCW Broswing Mix EB #143commiting suicide!
EB TPCW Broswing Mix EB #321commiting suicide!
EB TPCW Broswing Mix EB #95commiting suicide!
EB TPCW Broswing Mix EB #14commiting suicide!
EB TPCW Broswing Mix EB #309commiting suicide!
EB TPCW Broswing Mix EB #212commiting suicide!
EB TPCW Broswing Mix EB #11commiting suicide!
EB TPCW Broswing Mix EB #64commiting suicide!
EB TPCW Broswing Mix EB #236commiting suicide!
EB TPCW Broswing Mix EB #100commiting suicide!
EB TPCW Broswing Mix EB #301commiting suicide!
EB TPCW Broswing Mix EB #177commiting suicide!
EB TPCW Broswing Mix EB #198commiting suicide!
EB TPCW Broswing Mix EB #263commiting suicide!
EB TPCW Broswing Mix EB #334commiting suicide!
EB TPCW Broswing Mix EB #296commiting suicide!
EB TPCW Broswing Mix EB #367commiting suicide!
EB TPCW Broswing Mix EB #149commiting suicide!
EB TPCW Broswing Mix EB #9commiting suicide!
EB TPCW Broswing Mix EB #10commiting suicide!
EB TPCW Broswing Mix EB #70commiting suicide!
EB TPCW Broswing Mix EB #307commiting suicide!
EB TPCW Broswing Mix EB #385commiting suicide!
EB TPCW Broswing Mix EB #199commiting suicide!
EB TPCW Broswing Mix EB #395commiting suicide!
EB TPCW Broswing Mix EB #192commiting suicide!
EB TPCW Broswing Mix EB #89commiting suicide!
EB TPCW Broswing Mix EB #325commiting suicide!
EB TPCW Broswing Mix EB #26commiting suicide!
EB TPCW Broswing Mix EB #251commiting suicide!
EB TPCW Broswing Mix EB #60commiting suicide!
EB TPCW Broswing Mix EB #145commiting suicide!
EB TPCW Broswing Mix EB #217commiting suicide!
EB TPCW Broswing Mix EB #293commiting suicide!
EB TPCW Broswing Mix EB #362commiting suicide!
EB TPCW Broswing Mix EB #37commiting suicide!
EB TPCW Broswing Mix EB #287commiting suicide!
EB TPCW Broswing Mix EB #90commiting suicide!
Thread[TPC-W Emulated Broswer 1,5,]: alive: false
Thread[TPC-W Emulated Broswer 2,5,]: alive: false
Thread[TPC-W Emulated Broswer 3,5,]: alive: false
Thread[TPC-W Emulated Broswer 4,5,]: alive: false
Thread[TPC-W Emulated Broswer 5,5,]: alive: false
Thread[TPC-W Emulated Broswer 6,5,main]: alive: true
Thread[TPC-W Emulated Broswer 7,5,main]: alive: true
Thread[TPC-W Emulated Broswer 8,5,]: alive: false
Thread[TPC-W Emulated Broswer 9,5,]: alive: false
Thread[TPC-W Emulated Broswer 10,5,]: alive: false
Thread[TPC-W Emulated Broswer 11,5,]: alive: false
Thread[TPC-W Emulated Broswer 12,5,]: alive: false
Thread[TPC-W Emulated Broswer 13,5,]: alive: false
Thread[TPC-W Emulated Broswer 14,5,]: alive: false
Thread[TPC-W Emulated Broswer 15,5,]: alive: false
Thread[TPC-W Emulated Broswer 16,5,]: alive: false
Thread[TPC-W Emulated Broswer 17,5,main]: alive: true
Thread[TPC-W Emulated Broswer 18,5,]: alive: false
Thread[TPC-W Emulated Broswer 19,5,]: alive: false
Thread[TPC-W Emulated Broswer 20,5,]: alive: false
Thread[TPC-W Emulated Broswer 21,5,main]: alive: true
Thread[TPC-W Emulated Broswer 22,5,]: alive: false
Thread[TPC-W Emulated Broswer 23,5,]: alive: false
Thread[TPC-W Emulated Broswer 24,5,]: alive: false
Thread[TPC-W Emulated Broswer 25,5,]: alive: false
Thread[TPC-W Emulated Broswer 26,5,]: alive: false
Thread[TPC-W Emulated Broswer 27,5,]: alive: false
Thread[TPC-W Emulated Broswer 28,5,]: alive: false
Thread[TPC-W Emulated Broswer 29,5,]: alive: false
Thread[TPC-W Emulated Broswer 30,5,main]: alive: true
Thread[TPC-W Emulated Broswer 31,5,]: alive: false
Thread[TPC-W Emulated Broswer 32,5,]: alive: false
Thread[TPC-W Emulated Broswer 33,5,]: alive: false
Thread[TPC-W Emulated Broswer 34,5,]: alive: false
Thread[TPC-W Emulated Broswer 35,5,]: alive: false
Thread[TPC-W Emulated Broswer 36,5,main]: alive: true
Thread[TPC-W Emulated Broswer 37,5,]: alive: false
Thread[TPC-W Emulated Broswer 38,5,main]: alive: true
Thread[TPC-W Emulated Broswer 39,5,]: alive: false
Thread[TPC-W Emulated Broswer 40,5,main]: alive: true
Thread[TPC-W Emulated Broswer 41,5,]: alive: false
Thread[TPC-W Emulated Broswer 42,5,]: alive: false
Thread[TPC-W Emulated Broswer 43,5,]: alive: false
Thread[TPC-W Emulated Broswer 44,5,main]: alive: true
Thread[TPC-W Emulated Broswer 45,5,]: alive: false
Thread[TPC-W Emulated Broswer 46,5,]: alive: false
Thread[TPC-W Emulated Broswer 47,5,]: alive: false
Thread[TPC-W Emulated Broswer 48,5,]: alive: false
Thread[TPC-W Emulated Broswer 49,5,]: alive: false
Thread[TPC-W Emulated Broswer 50,5,]: alive: false
Thread[TPC-W Emulated Broswer 51,5,main]: alive: true
Thread[TPC-W Emulated Broswer 52,5,main]: alive: true
Thread[TPC-W Emulated Broswer 53,5,]: alive: false
Thread[TPC-W Emulated Broswer 54,5,]: alive: false
Thread[TPC-W Emulated Broswer 55,5,]: alive: false
Thread[TPC-W Emulated Broswer 56,5,]: alive: false
Thread[TPC-W Emulated Broswer 57,5,]: alive: false
Thread[TPC-W Emulated Broswer 58,5,]: alive: false
Thread[TPC-W Emulated Broswer 59,5,]: alive: false
Thread[TPC-W Emulated Broswer 60,5,]: alive: false
Thread[TPC-W Emulated Broswer 61,5,]: alive: false
Thread[TPC-W Emulated Broswer 62,5,]: alive: false
Thread[TPC-W Emulated Broswer 63,5,]: alive: false
Thread[TPC-W Emulated Broswer 64,5,]: alive: false
Thread[TPC-W Emulated Broswer 65,5,]: alive: false
Thread[TPC-W Emulated Broswer 66,5,]: alive: false
Thread[TPC-W Emulated Broswer 67,5,]: alive: false
Thread[TPC-W Emulated Broswer 68,5,]: alive: false
Thread[TPC-W Emulated Broswer 69,5,]: alive: false
Thread[TPC-W Emulated Broswer 70,5,]: alive: false
Thread[TPC-W Emulated Broswer 71,5,main]: alive: true
Thread[TPC-W Emulated Broswer 72,5,main]: alive: true
Thread[TPC-W Emulated Broswer 73,5,]: alive: false
Thread[TPC-W Emulated Broswer 74,5,main]: alive: true
Thread[TPC-W Emulated Broswer 75,5,]: alive: false
Thread[TPC-W Emulated Broswer 76,5,main]: alive: true
Thread[TPC-W Emulated Broswer 77,5,main]: alive: true
Thread[TPC-W Emulated Broswer 78,5,]: alive: false
Thread[TPC-W Emulated Broswer 79,5,]: alive: false
Thread[TPC-W Emulated Broswer 80,5,]: alive: false
Thread[TPC-W Emulated Broswer 81,5,]: alive: false
Thread[TPC-W Emulated Broswer 82,5,]: alive: false
Thread[TPC-W Emulated Broswer 83,5,main]: alive: true
Thread[TPC-W Emulated Broswer 84,5,main]: alive: true
Thread[TPC-W Emulated Broswer 85,5,]: alive: false
Thread[TPC-W Emulated Broswer 86,5,]: alive: false
Thread[TPC-W Emulated Broswer 87,5,]: alive: false
Thread[TPC-W Emulated Broswer 88,5,]: alive: false
Thread[TPC-W Emulated Broswer 89,5,]: alive: false
Thread[TPC-W Emulated Broswer 90,5,]: alive: false
Thread[TPC-W Emulated Broswer 91,5,main]: alive: true
Thread[TPC-W Emulated Broswer 92,5,]: alive: false
Thread[TPC-W Emulated Broswer 93,5,]: alive: false
Thread[TPC-W Emulated Broswer 94,5,]: alive: false
Thread[TPC-W Emulated Broswer 95,5,]: alive: false
Thread[TPC-W Emulated Broswer 96,5,]: alive: false
Thread[TPC-W Emulated Broswer 97,5,]: alive: false
Thread[TPC-W Emulated Broswer 98,5,]: alive: false
Thread[TPC-W Emulated Broswer 99,5,]: alive: false
Thread[TPC-W Emulated Broswer 100,5,]: alive: false
Thread[TPC-W Emulated Broswer 101,5,]: alive: false
Thread[TPC-W Emulated Broswer 102,5,]: alive: false
Thread[TPC-W Emulated Broswer 103,5,main]: alive: true
Thread[TPC-W Emulated Broswer 104,5,]: alive: false
Thread[TPC-W Emulated Broswer 105,5,]: alive: false
Thread[TPC-W Emulated Broswer 106,5,main]: alive: true
Thread[TPC-W Emulated Broswer 107,5,]: alive: false
Thread[TPC-W Emulated Broswer 108,5,]: alive: false
Thread[TPC-W Emulated Broswer 109,5,]: alive: false
Thread[TPC-W Emulated Broswer 110,5,]: alive: false
Thread[TPC-W Emulated Broswer 111,5,main]: alive: true
Thread[TPC-W Emulated Broswer 112,5,main]: alive: true
Thread[TPC-W Emulated Broswer 113,5,]: alive: false
Thread[TPC-W Emulated Broswer 114,5,]: alive: false
Thread[TPC-W Emulated Broswer 115,5,]: alive: false
Thread[TPC-W Emulated Broswer 116,5,]: alive: false
Thread[TPC-W Emulated Broswer 117,5,]: alive: false
Thread[TPC-W Emulated Broswer 118,5,]: alive: false
Thread[TPC-W Emulated Broswer 119,5,]: alive: false
Thread[TPC-W Emulated Broswer 120,5,]: alive: false
Thread[TPC-W Emulated Broswer 121,5,]: alive: false
Thread[TPC-W Emulated Broswer 122,5,main]: alive: true
Thread[TPC-W Emulated Broswer 123,5,]: alive: false
Thread[TPC-W Emulated Broswer 124,5,]: alive: false
Thread[TPC-W Emulated Broswer 125,5,]: alive: false
Thread[TPC-W Emulated Broswer 126,5,]: alive: false
Thread[TPC-W Emulated Broswer 127,5,]: alive: false
Thread[TPC-W Emulated Broswer 128,5,]: alive: false
Thread[TPC-W Emulated Broswer 129,5,]: alive: false
Thread[TPC-W Emulated Broswer 130,5,]: alive: false
Thread[TPC-W Emulated Broswer 131,5,]: alive: false
Thread[TPC-W Emulated Broswer 132,5,]: alive: false
Thread[TPC-W Emulated Broswer 133,5,main]: alive: true
Thread[TPC-W Emulated Broswer 134,5,]: alive: false
Thread[TPC-W Emulated Broswer 135,5,]: alive: false
Thread[TPC-W Emulated Broswer 136,5,]: alive: false
Thread[TPC-W Emulated Broswer 137,5,]: alive: false
Thread[TPC-W Emulated Broswer 138,5,main]: alive: true
Thread[TPC-W Emulated Broswer 139,5,]: alive: false
Thread[TPC-W Emulated Broswer 140,5,]: alive: false
Thread[TPC-W Emulated Broswer 141,5,]: alive: false
Thread[TPC-W Emulated Broswer 142,5,]: alive: false
Thread[TPC-W Emulated Broswer 143,5,]: alive: false
Thread[TPC-W Emulated Broswer 144,5,main]: alive: true
Thread[TPC-W Emulated Broswer 145,5,]: alive: false
Thread[TPC-W Emulated Broswer 146,5,]: alive: false
Thread[TPC-W Emulated Broswer 147,5,]: alive: false
Thread[TPC-W Emulated Broswer 148,5,]: alive: false
Thread[TPC-W Emulated Broswer 149,5,]: alive: false
Thread[TPC-W Emulated Broswer 150,5,main]: alive: true
Thread[TPC-W Emulated Broswer 151,5,]: alive: false
Thread[TPC-W Emulated Broswer 152,5,main]: alive: true
Thread[TPC-W Emulated Broswer 153,5,main]: alive: true
Thread[TPC-W Emulated Broswer 154,5,main]: alive: true
Thread[TPC-W Emulated Broswer 155,5,]: alive: false
Thread[TPC-W Emulated Broswer 156,5,]: alive: false
Thread[TPC-W Emulated Broswer 157,5,]: alive: false
Thread[TPC-W Emulated Broswer 158,5,]: alive: false
Thread[TPC-W Emulated Broswer 159,5,]: alive: false
Thread[TPC-W Emulated Broswer 160,5,main]: alive: true
Thread[TPC-W Emulated Broswer 161,5,]: alive: false
Thread[TPC-W Emulated Broswer 162,5,]: alive: false
Thread[TPC-W Emulated Broswer 163,5,]: alive: false
Thread[TPC-W Emulated Broswer 164,5,main]: alive: true
Thread[TPC-W Emulated Broswer 165,5,]: alive: false
Thread[TPC-W Emulated Broswer 166,5,]: alive: false
Thread[TPC-W Emulated Broswer 167,5,]: alive: false
Thread[TPC-W Emulated Broswer 168,5,]: alive: false
Thread[TPC-W Emulated Broswer 169,5,main]: alive: true
Thread[TPC-W Emulated Broswer 170,5,]: alive: false
Thread[TPC-W Emulated Broswer 171,5,]: alive: false
Thread[TPC-W Emulated Broswer 172,5,]: alive: false
Thread[TPC-W Emulated Broswer 173,5,]: alive: false
Thread[TPC-W Emulated Broswer 174,5,]: alive: false
Thread[TPC-W Emulated Broswer 175,5,]: alive: false
Thread[TPC-W Emulated Broswer 176,5,]: alive: false
Thread[TPC-W Emulated Broswer 177,5,]: alive: false
Thread[TPC-W Emulated Broswer 178,5,main]: alive: true
Thread[TPC-W Emulated Broswer 179,5,]: alive: false
Thread[TPC-W Emulated Broswer 180,5,main]: alive: true
Thread[TPC-W Emulated Broswer 181,5,]: alive: false
Thread[TPC-W Emulated Broswer 182,5,main]: alive: true
Thread[TPC-W Emulated Broswer 183,5,main]: alive: true
Thread[TPC-W Emulated Broswer 184,5,]: alive: false
Thread[TPC-W Emulated Broswer 185,5,]: alive: false
Thread[TPC-W Emulated Broswer 186,5,main]: alive: true
Thread[TPC-W Emulated Broswer 187,5,]: alive: false
Thread[TPC-W Emulated Broswer 188,5,main]: alive: true
Thread[TPC-W Emulated Broswer 189,5,]: alive: false
Thread[TPC-W Emulated Broswer 190,5,]: alive: false
Thread[TPC-W Emulated Broswer 191,5,]: alive: false
Thread[TPC-W Emulated Broswer 192,5,]: alive: false
Thread[TPC-W Emulated Broswer 193,5,]: alive: false
Thread[TPC-W Emulated Broswer 194,5,]: alive: false
Thread[TPC-W Emulated Broswer 195,5,]: alive: false
Thread[TPC-W Emulated Broswer 196,5,]: alive: false
Thread[TPC-W Emulated Broswer 197,5,]: alive: false
Thread[TPC-W Emulated Broswer 198,5,]: alive: false
Thread[TPC-W Emulated Broswer 199,5,]: alive: false
Thread[TPC-W Emulated Broswer 200,5,]: alive: false
Thread[TPC-W Emulated Broswer 201,5,main]: alive: true
Thread[TPC-W Emulated Broswer 202,5,main]: alive: true
Thread[TPC-W Emulated Broswer 203,5,]: alive: false
Thread[TPC-W Emulated Broswer 204,5,]: alive: false
Thread[TPC-W Emulated Broswer 205,5,]: alive: false
Thread[TPC-W Emulated Broswer 206,5,]: alive: false
Thread[TPC-W Emulated Broswer 207,5,]: alive: false
Thread[TPC-W Emulated Broswer 208,5,]: alive: false
Thread[TPC-W Emulated Broswer 209,5,]: alive: false
Thread[TPC-W Emulated Broswer 210,5,main]: alive: true
Thread[TPC-W Emulated Broswer 211,5,]: alive: false
Thread[TPC-W Emulated Broswer 212,5,]: alive: false
Thread[TPC-W Emulated Broswer 213,5,]: alive: false
Thread[TPC-W Emulated Broswer 214,5,]: alive: false
Thread[TPC-W Emulated Broswer 215,5,]: alive: false
Thread[TPC-W Emulated Broswer 216,5,]: alive: false
Thread[TPC-W Emulated Broswer 217,5,]: alive: false
Thread[TPC-W Emulated Broswer 218,5,]: alive: false
Thread[TPC-W Emulated Broswer 219,5,]: alive: false
Thread[TPC-W Emulated Broswer 220,5,]: alive: false
Thread[TPC-W Emulated Broswer 221,5,]: alive: false
Thread[TPC-W Emulated Broswer 222,5,]: alive: false
Thread[TPC-W Emulated Broswer 223,5,main]: alive: true
Thread[TPC-W Emulated Broswer 224,5,]: alive: false
Thread[TPC-W Emulated Broswer 225,5,main]: alive: true
Thread[TPC-W Emulated Broswer 226,5,]: alive: false
Thread[TPC-W Emulated Broswer 227,5,]: alive: false
Thread[TPC-W Emulated Broswer 228,5,]: alive: false
Thread[TPC-W Emulated Broswer 229,5,]: alive: false
Thread[TPC-W Emulated Broswer 230,5,]: alive: false
Thread[TPC-W Emulated Broswer 231,5,]: alive: false
Thread[TPC-W Emulated Broswer 232,5,main]: alive: true
Thread[TPC-W Emulated Broswer 233,5,]: alive: false
Thread[TPC-W Emulated Broswer 234,5,]: alive: false
Thread[TPC-W Emulated Broswer 235,5,]: alive: false
Thread[TPC-W Emulated Broswer 236,5,]: alive: false
Thread[TPC-W Emulated Broswer 237,5,main]: alive: true
Thread[TPC-W Emulated Broswer 238,5,]: alive: false
Thread[TPC-W Emulated Broswer 239,5,]: alive: false
Thread[TPC-W Emulated Broswer 240,5,main]: alive: true
Thread[TPC-W Emulated Broswer 241,5,]: alive: false
Thread[TPC-W Emulated Broswer 242,5,]: alive: false
Thread[TPC-W Emulated Broswer 243,5,]: alive: false
Thread[TPC-W Emulated Broswer 244,5,]: alive: false
Thread[TPC-W Emulated Broswer 245,5,main]: alive: true
Thread[TPC-W Emulated Broswer 246,5,]: alive: false
Thread[TPC-W Emulated Broswer 247,5,]: alive: false
Thread[TPC-W Emulated Broswer 248,5,]: alive: false
Thread[TPC-W Emulated Broswer 249,5,main]: alive: true
Thread[TPC-W Emulated Broswer 250,5,]: alive: false
Thread[TPC-W Emulated Broswer 251,5,]: alive: false
Thread[TPC-W Emulated Broswer 252,5,]: alive: false
Thread[TPC-W Emulated Broswer 253,5,]: alive: false
Thread[TPC-W Emulated Broswer 254,5,]: alive: false
Thread[TPC-W Emulated Broswer 255,5,]: alive: false
Thread[TPC-W Emulated Broswer 256,5,main]: alive: true
Thread[TPC-W Emulated Broswer 257,5,]: alive: false
Thread[TPC-W Emulated Broswer 258,5,main]: alive: true
Thread[TPC-W Emulated Broswer 259,5,]: alive: false
Thread[TPC-W Emulated Broswer 260,5,]: alive: false
Thread[TPC-W Emulated Broswer 261,5,]: alive: false
Thread[TPC-W Emulated Broswer 262,5,]: alive: false
Thread[TPC-W Emulated Broswer 263,5,]: alive: false
Thread[TPC-W Emulated Broswer 264,5,main]: alive: true
Thread[TPC-W Emulated Broswer 265,5,main]: alive: true
Thread[TPC-W Emulated Broswer 266,5,]: alive: false
Thread[TPC-W Emulated Broswer 267,5,]: alive: false
Thread[TPC-W Emulated Broswer 268,5,main]: alive: true
Thread[TPC-W Emulated Broswer 269,5,]: alive: false
Thread[TPC-W Emulated Broswer 270,5,]: alive: false
Thread[TPC-W Emulated Broswer 271,5,]: alive: false
Thread[TPC-W Emulated Broswer 272,5,]: alive: false
Thread[TPC-W Emulated Broswer 273,5,main]: alive: true
Thread[TPC-W Emulated Broswer 274,5,]: alive: false
Thread[TPC-W Emulated Broswer 275,5,]: alive: false
Thread[TPC-W Emulated Broswer 276,5,]: alive: false
Thread[TPC-W Emulated Broswer 277,5,]: alive: false
Thread[TPC-W Emulated Broswer 278,5,]: alive: false
Thread[TPC-W Emulated Broswer 279,5,]: alive: false
Thread[TPC-W Emulated Broswer 280,5,main]: alive: true
Thread[TPC-W Emulated Broswer 281,5,]: alive: false
Thread[TPC-W Emulated Broswer 282,5,]: alive: false
Thread[TPC-W Emulated Broswer 283,5,]: alive: false
Thread[TPC-W Emulated Broswer 284,5,]: alive: false
Thread[TPC-W Emulated Broswer 285,5,]: alive: false
Thread[TPC-W Emulated Broswer 286,5,]: alive: false
Thread[TPC-W Emulated Broswer 287,5,]: alive: false
Thread[TPC-W Emulated Broswer 288,5,]: alive: false
Thread[TPC-W Emulated Broswer 289,5,]: alive: false
Thread[TPC-W Emulated Broswer 290,5,]: alive: false
Thread[TPC-W Emulated Broswer 291,5,]: alive: false
Thread[TPC-W Emulated Broswer 292,5,]: alive: false
Thread[TPC-W Emulated Broswer 293,5,]: alive: false
Thread[TPC-W Emulated Broswer 294,5,]: alive: false
Thread[TPC-W Emulated Broswer 295,5,]: alive: false
Thread[TPC-W Emulated Broswer 296,5,]: alive: false
Thread[TPC-W Emulated Broswer 297,5,]: alive: false
Thread[TPC-W Emulated Broswer 298,5,]: alive: false
Thread[TPC-W Emulated Broswer 299,5,]: alive: false
Thread[TPC-W Emulated Broswer 300,5,]: alive: false
Thread[TPC-W Emulated Broswer 301,5,]: alive: false
Thread[TPC-W Emulated Broswer 302,5,]: alive: false
Thread[TPC-W Emulated Broswer 303,5,]: alive: false
Thread[TPC-W Emulated Broswer 304,5,]: alive: false
Thread[TPC-W Emulated Broswer 305,5,]: alive: false
Thread[TPC-W Emulated Broswer 306,5,]: alive: false
Thread[TPC-W Emulated Broswer 307,5,]: alive: false
Thread[TPC-W Emulated Broswer 308,5,]: alive: false
Thread[TPC-W Emulated Broswer 309,5,]: alive: false
Thread[TPC-W Emulated Broswer 310,5,main]: alive: true
Thread[TPC-W Emulated Broswer 311,5,main]: alive: true
Thread[TPC-W Emulated Broswer 312,5,]: alive: false
Thread[TPC-W Emulated Broswer 313,5,]: alive: false
Thread[TPC-W Emulated Broswer 314,5,]: alive: false
Thread[TPC-W Emulated Broswer 315,5,]: alive: false
Thread[TPC-W Emulated Broswer 316,5,]: alive: false
Thread[TPC-W Emulated Broswer 317,5,]: alive: false
Thread[TPC-W Emulated Broswer 318,5,]: alive: false
Thread[TPC-W Emulated Broswer 319,5,main]: alive: true
Thread[TPC-W Emulated Broswer 320,5,]: alive: false
Thread[TPC-W Emulated Broswer 321,5,]: alive: false
Thread[TPC-W Emulated Broswer 322,5,]: alive: false
Thread[TPC-W Emulated Broswer 323,5,main]: alive: true
Thread[TPC-W Emulated Broswer 324,5,]: alive: false
Thread[TPC-W Emulated Broswer 325,5,]: alive: false
Thread[TPC-W Emulated Broswer 326,5,]: alive: false
Thread[TPC-W Emulated Broswer 327,5,]: alive: false
Thread[TPC-W Emulated Broswer 328,5,main]: alive: true
Thread[TPC-W Emulated Broswer 329,5,]: alive: false
Thread[TPC-W Emulated Broswer 330,5,main]: alive: true
Thread[TPC-W Emulated Broswer 331,5,]: alive: false
Thread[TPC-W Emulated Broswer 332,5,main]: alive: true
Thread[TPC-W Emulated Broswer 333,5,]: alive: false
Thread[TPC-W Emulated Broswer 334,5,]: alive: false
Thread[TPC-W Emulated Broswer 335,5,]: alive: false
Thread[TPC-W Emulated Broswer 336,5,]: alive: false
Thread[TPC-W Emulated Broswer 337,5,]: alive: false
Thread[TPC-W Emulated Broswer 338,5,]: alive: false
Thread[TPC-W Emulated Broswer 339,5,]: alive: false
Thread[TPC-W Emulated Broswer 340,5,]: alive: false
Thread[TPC-W Emulated Broswer 341,5,]: alive: false
Thread[TPC-W Emulated Broswer 342,5,main]: alive: true
Thread[TPC-W Emulated Broswer 343,5,main]: alive: true
Thread[TPC-W Emulated Broswer 344,5,]: alive: false
Thread[TPC-W Emulated Broswer 345,5,main]: alive: true
Thread[TPC-W Emulated Broswer 346,5,]: alive: false
Thread[TPC-W Emulated Broswer 347,5,main]: alive: true
Thread[TPC-W Emulated Broswer 348,5,main]: alive: true
Thread[TPC-W Emulated Broswer 349,5,main]: alive: true
Thread[TPC-W Emulated Broswer 350,5,]: alive: false
Thread[TPC-W Emulated Broswer 351,5,]: alive: false
Thread[TPC-W Emulated Broswer 352,5,]: alive: false
Thread[TPC-W Emulated Broswer 353,5,]: alive: false
Thread[TPC-W Emulated Broswer 354,5,]: alive: false
Thread[TPC-W Emulated Broswer 355,5,]: alive: false
Thread[TPC-W Emulated Broswer 356,5,]: alive: false
Thread[TPC-W Emulated Broswer 357,5,]: alive: false
Thread[TPC-W Emulated Broswer 358,5,]: alive: false
Thread[TPC-W Emulated Broswer 359,5,]: alive: false
Thread[TPC-W Emulated Broswer 360,5,]: alive: false
Thread[TPC-W Emulated Broswer 361,5,]: alive: false
Thread[TPC-W Emulated Broswer 362,5,]: alive: false
Thread[TPC-W Emulated Broswer 363,5,]: alive: false
Thread[TPC-W Emulated Broswer 364,5,]: alive: false
Thread[TPC-W Emulated Broswer 365,5,main]: alive: true
Thread[TPC-W Emulated Broswer 366,5,main]: alive: true
Thread[TPC-W Emulated Broswer 367,5,]: alive: false
Thread[TPC-W Emulated Broswer 368,5,]: alive: false
Thread[TPC-W Emulated Broswer 369,5,]: alive: false
Thread[TPC-W Emulated Broswer 370,5,]: alive: false
Thread[TPC-W Emulated Broswer 371,5,]: alive: false
Thread[TPC-W Emulated Broswer 372,5,main]: alive: true
Thread[TPC-W Emulated Broswer 373,5,]: alive: false
Thread[TPC-W Emulated Broswer 374,5,]: alive: false
Thread[TPC-W Emulated Broswer 375,5,main]: alive: true
Thread[TPC-W Emulated Broswer 376,5,]: alive: false
Thread[TPC-W Emulated Broswer 377,5,]: alive: false
Thread[TPC-W Emulated Broswer 378,5,]: alive: false
Thread[TPC-W Emulated Broswer 379,5,main]: alive: true
Thread[TPC-W Emulated Broswer 380,5,]: alive: false
Thread[TPC-W Emulated Broswer 381,5,]: alive: false
Thread[TPC-W Emulated Broswer 382,5,]: alive: false
Thread[TPC-W Emulated Broswer 383,5,main]: alive: true
Thread[TPC-W Emulated Broswer 384,5,]: alive: false
Thread[TPC-W Emulated Broswer 385,5,]: alive: false
Thread[TPC-W Emulated Broswer 386,5,]: alive: false
Thread[TPC-W Emulated Broswer 387,5,]: alive: false
Thread[TPC-W Emulated Broswer 388,5,]: alive: false
Thread[TPC-W Emulated Broswer 389,5,]: alive: false
Thread[TPC-W Emulated Broswer 390,5,]: alive: false
Thread[TPC-W Emulated Broswer 391,5,]: alive: false
Thread[TPC-W Emulated Broswer 392,5,]: alive: false
Thread[TPC-W Emulated Broswer 393,5,main]: alive: true
Thread[TPC-W Emulated Broswer 394,5,main]: alive: true
Thread[TPC-W Emulated Broswer 395,5,]: alive: false
Thread[TPC-W Emulated Broswer 396,5,main]: alive: true
Thread[TPC-W Emulated Broswer 397,5,]: alive: false
Thread[TPC-W Emulated Broswer 398,5,]: alive: false
Thread[TPC-W Emulated Broswer 399,5,]: alive: false
Thread[TPC-W Emulated Broswer 400,5,]: alive: false
main thread: About to interrupt: 0
main thread: About to interrupt: 1
main thread: About to interrupt: 2
main thread: About to interrupt: 3
main thread: About to interrupt: 4
main thread: About to interrupt: 5
main thread: About to interrupt: 6
main thread: About to interrupt: 7
main thread: About to interrupt: 8
main thread: About to interrupt: 9
main thread: About to interrupt: 10
main thread: About to interrupt: 11
main thread: About to interrupt: 12
main thread: About to interrupt: 13
main thread: About to interrupt: 14
main thread: About to interrupt: 15
main thread: About to interrupt: 16
main thread: About to interrupt: 17
main thread: About to interrupt: 18
main thread: About to interrupt: 19
main thread: About to interrupt: 20
main thread: About to interrupt: 21
main thread: About to interrupt: 22
main thread: About to interrupt: 23
main thread: About to interrupt: 24
main thread: About to interrupt: 25
main thread: About to interrupt: 26
main thread: About to interrupt: 27
main thread: About to interrupt: 28
main thread: About to interrupt: 29
main thread: About to interrupt: 30
main thread: About to interrupt: 31
main thread: About to interrupt: 32
main thread: About to interrupt: 33
main thread: About to interrupt: 34
main thread: About to interrupt: 35
main thread: About to interrupt: 36
main thread: About to interrupt: 37
main thread: About to interrupt: 38
main thread: About to interrupt: 39
main thread: About to interrupt: 40
main thread: About to interrupt: 41
main thread: About to interrupt: 42
main thread: About to interrupt: 43
main thread: About to interrupt: 44
main thread: About to interrupt: 45
main thread: About to interrupt: 46
main thread: About to interrupt: 47
main thread: About to interrupt: 48
main thread: About to interrupt: 49
main thread: About to interrupt: 50
main thread: About to interrupt: 51
main thread: About to interrupt: 52
main thread: About to interrupt: 53
main thread: About to interrupt: 54
main thread: About to interrupt: 55
main thread: About to interrupt: 56
main thread: About to interrupt: 57
main thread: About to interrupt: 58
main thread: About to interrupt: 59
main thread: About to interrupt: 60
main thread: About to interrupt: 61
main thread: About to interrupt: 62
main thread: About to interrupt: 63
main thread: About to interrupt: 64
main thread: About to interrupt: 65
main thread: About to interrupt: 66
main thread: About to interrupt: 67
main thread: About to interrupt: 68
main thread: About to interrupt: 69
main thread: About to interrupt: 70
main thread: About to interrupt: 71
main thread: About to interrupt: 72
main thread: About to interrupt: 73
main thread: About to interrupt: 74
main thread: About to interrupt: 75
main thread: About to interrupt: 76
main thread: About to interrupt: 77
main thread: About to interrupt: 78
main thread: About to interrupt: 79
main thread: About to interrupt: 80
main thread: About to interrupt: 81
main thread: About to interrupt: 82
main thread: About to interrupt: 83
main thread: About to interrupt: 84
main thread: About to interrupt: 85
main thread: About to interrupt: 86
main thread: About to interrupt: 87
main thread: About to interrupt: 88
main thread: About to interrupt: 89
main thread: About to interrupt: 90
main thread: About to interrupt: 91
main thread: About to interrupt: 92
main thread: About to interrupt: 93
main thread: About to interrupt: 94
main thread: About to interrupt: 95
main thread: About to interrupt: 96
main thread: About to interrupt: 97
main thread: About to interrupt: 98
main thread: About to interrupt: 99
main thread: About to interrupt: 100
main thread: About to interrupt: 101
main thread: About to interrupt: 102
main thread: About to interrupt: 103
main thread: About to interrupt: 104
main thread: About to interrupt: 105
main thread: About to interrupt: 106
main thread: About to interrupt: 107
main thread: About to interrupt: 108
main thread: About to interrupt: 109
main thread: About to interrupt: 110
main thread: About to interrupt: 111
main thread: About to interrupt: 112
main thread: About to interrupt: 113
main thread: About to interrupt: 114
main thread: About to interrupt: 115
main thread: About to interrupt: 116
main thread: About to interrupt: 117
main thread: About to interrupt: 118
main thread: About to interrupt: 119
main thread: About to interrupt: 120
main thread: About to interrupt: 121
main thread: About to interrupt: 122
main thread: About to interrupt: 123
main thread: About to interrupt: 124
main thread: About to interrupt: 125
main thread: About to interrupt: 126
main thread: About to interrupt: 127
main thread: About to interrupt: 128
main thread: About to interrupt: 129
main thread: About to interrupt: 130
main thread: About to interrupt: 131
main thread: About to interrupt: 132
main thread: About to interrupt: 133
main thread: About to interrupt: 134
main thread: About to interrupt: 135
main thread: About to interrupt: 136
main thread: About to interrupt: 137
main thread: About to interrupt: 138
main thread: About to interrupt: 139
main thread: About to interrupt: 140
main thread: About to interrupt: 141
main thread: About to interrupt: 142
main thread: About to interrupt: 143
main thread: About to interrupt: 144
main thread: About to interrupt: 145
main thread: About to interrupt: 146
main thread: About to interrupt: 147
main thread: About to interrupt: 148
main thread: About to interrupt: 149
main thread: About to interrupt: 150
main thread: About to interrupt: 151
main thread: About to interrupt: 152
main thread: About to interrupt: 153
main thread: About to interrupt: 154
main thread: About to interrupt: 155
main thread: About to interrupt: 156
main thread: About to interrupt: 157
main thread: About to interrupt: 158
main thread: About to interrupt: 159
main thread: About to interrupt: 160
main thread: About to interrupt: 161
main thread: About to interrupt: 162
main thread: About to interrupt: 163
main thread: About to interrupt: 164
main thread: About to interrupt: 165
main thread: About to interrupt: 166
main thread: About to interrupt: 167
main thread: About to interrupt: 168
main thread: About to interrupt: 169
main thread: About to interrupt: 170
main thread: About to interrupt: 171
main thread: About to interrupt: 172
main thread: About to interrupt: 173
main thread: About to interrupt: 174
main thread: About to interrupt: 175
main thread: About to interrupt: 176
main thread: About to interrupt: 177
main thread: About to interrupt: 178
main thread: About to interrupt: 179
main thread: About to interrupt: 180
main thread: About to interrupt: 181
main thread: About to interrupt: 182
main thread: About to interrupt: 183
main thread: About to interrupt: 184
main thread: About to interrupt: 185
main thread: About to interrupt: 186
main thread: About to interrupt: 187
main thread: About to interrupt: 188
main thread: About to interrupt: 189
main thread: About to interrupt: 190
main thread: About to interrupt: 191
main thread: About to interrupt: 192
main thread: About to interrupt: 193
main thread: About to interrupt: 194
main thread: About to interrupt: 195
main thread: About to interrupt: 196
main thread: About to interrupt: 197
main thread: About to interrupt: 198
main thread: About to interrupt: 199
main thread: About to interrupt: 200
main thread: About to interrupt: 201
main thread: About to interrupt: 202
main thread: About to interrupt: 203
main thread: About to interrupt: 204
main thread: About to interrupt: 205
main thread: About to interrupt: 206
main thread: About to interrupt: 207
main thread: About to interrupt: 208
main thread: About to interrupt: 209
main thread: About to interrupt: 210
main thread: About to interrupt: 211
main thread: About to interrupt: 212
main thread: About to interrupt: 213
main thread: About to interrupt: 214
main thread: About to interrupt: 215
main thread: About to interrupt: 216
main thread: About to interrupt: 217
main thread: About to interrupt: 218
main thread: About to interrupt: 219
main thread: About to interrupt: 220
main thread: About to interrupt: 221
main thread: About to interrupt: 222
main thread: About to interrupt: 223
main thread: About to interrupt: 224
main thread: About to interrupt: 225
main thread: About to interrupt: 226
main thread: About to interrupt: 227
main thread: About to interrupt: 228
main thread: About to interrupt: 229
main thread: About to interrupt: 230
main thread: About to interrupt: 231
main thread: About to interrupt: 232
main thread: About to interrupt: 233
main thread: About to interrupt: 234
main thread: About to interrupt: 235
main thread: About to interrupt: 236
main thread: About to interrupt: 237
main thread: About to interrupt: 238
main thread: About to interrupt: 239
main thread: About to interrupt: 240
main thread: About to interrupt: 241
main thread: About to interrupt: 242
main thread: About to interrupt: 243
main thread: About to interrupt: 244
main thread: About to interrupt: 245
main thread: About to interrupt: 246
main thread: About to interrupt: 247
main thread: About to interrupt: 248
main thread: About to interrupt: 249
main thread: About to interrupt: 250
main thread: About to interrupt: 251
main thread: About to interrupt: 252
main thread: About to interrupt: 253
main thread: About to interrupt: 254
main thread: About to interrupt: 255
main thread: About to interrupt: 256
main thread: About to interrupt: 257
main thread: About to interrupt: 258
main thread: About to interrupt: 259
main thread: About to interrupt: 260
main thread: About to interrupt: 261
main thread: About to interrupt: 262
main thread: About to interrupt: 263
main thread: About to interrupt: 264
main thread: About to interrupt: 265
main thread: About to interrupt: 266
main thread: About to interrupt: 267
main thread: About to interrupt: 268
main thread: About to interrupt: 269
main thread: About to interrupt: 270
main thread: About to interrupt: 271
main thread: About to interrupt: 272
main thread: About to interrupt: 273
main thread: About to interrupt: 274
main thread: About to interrupt: 275
main thread: About to interrupt: 276
main thread: About to interrupt: 277
main thread: About to interrupt: 278
main thread: About to interrupt: 279
main thread: About to interrupt: 280
main thread: About to interrupt: 281
main thread: About to interrupt: 282
main thread: About to interrupt: 283
main thread: About to interrupt: 284
main thread: About to interrupt: 285
main thread: About to interrupt: 286
main thread: About to interrupt: 287
main thread: About to interrupt: 288
main thread: About to interrupt: 289
main thread: About to interrupt: 290
main thread: About to interrupt: 291
main thread: About to interrupt: 292
main thread: About to interrupt: 293
main thread: About to interrupt: 294
main thread: About to interrupt: 295
main thread: About to interrupt: 296
main thread: About to interrupt: 297
main thread: About to interrupt: 298
main thread: About to interrupt: 299
main thread: About to interrupt: 300
main thread: About to interrupt: 301
main thread: About to interrupt: 302
main thread: About to interrupt: 303
main thread: About to interrupt: 304
main thread: About to interrupt: 305
main thread: About to interrupt: 306
main thread: About to interrupt: 307
main thread: About to interrupt: 308
main thread: About to interrupt: 309
main thread: About to interrupt: 310
main thread: About to interrupt: 311
main thread: About to interrupt: 312
main thread: About to interrupt: 313
main thread: About to interrupt: 314
main thread: About to interrupt: 315
main thread: About to interrupt: 316
main thread: About to interrupt: 317
main thread: About to interrupt: 318
main thread: About to interrupt: 319
main thread: About to interrupt: 320
main thread: About to interrupt: 321
main thread: About to interrupt: 322
main thread: About to interrupt: 323
main thread: About to interrupt: 324
main thread: About to interrupt: 325
main thread: About to interrupt: 326
main thread: About to interrupt: 327
main thread: About to interrupt: 328
main thread: About to interrupt: 329
main thread: About to interrupt: 330
main thread: About to interrupt: 331
main thread: About to interrupt: 332
main thread: About to interrupt: 333
main thread: About to interrupt: 334
main thread: About to interrupt: 335
main thread: About to interrupt: 336
main thread: About to interrupt: 337
main thread: About to interrupt: 338
main thread: About to interrupt: 339
main thread: About to interrupt: 340
main thread: About to interrupt: 341
main thread: About to interrupt: 342
main thread: About to interrupt: 343
main thread: About to interrupt: 344
main thread: About to interrupt: 345
main thread: About to interrupt: 346
main thread: About to interrupt: 347
main thread: About to interrupt: 348
main thread: About to interrupt: 349
main thread: About to interrupt: 350
main thread: About to interrupt: 351
main thread: About to interrupt: 352
main thread: About to interrupt: 353
main thread: About to interrupt: 354
main thread: About to interrupt: 355
main thread: About to interrupt: 356
main thread: About to interrupt: 357
main thread: About to interrupt: 358
main thread: About to interrupt: 359
main thread: About to interrupt: 360
main thread: About to interrupt: 361
main thread: About to interrupt: 362
main thread: About to interrupt: 363
main thread: About to interrupt: 364
main thread: About to interrupt: 365
main thread: About to interrupt: 366
main thread: About to interrupt: 367
main thread: About to interrupt: 368
main thread: About to interrupt: 369
main thread: About to interrupt: 370
main thread: About to interrupt: 371
main thread: About to interrupt: 372
main thread: About to interrupt: 373
main thread: About to interrupt: 374
main thread: About to interrupt: 375
main thread: About to interrupt: 376
main thread: About to interrupt: 377
main thread: About to interrupt: 378
main thread: About to interrupt: 379
main thread: About to interrupt: 380
main thread: About to interrupt: 381
main thread: About to interrupt: 382
main thread: About to interrupt: 383
main thread: About to interrupt: 384
main thread: About to interrupt: 385
main thread: About to interrupt: 386
main thread: About to interrupt: 387
main thread: About to interrupt: 388
main thread: About to interrupt: 389
main thread: About to interrupt: 390
main thread: About to interrupt: 391
main thread: About to interrupt: 392
main thread: About to interrupt: 393
main thread: About to interrupt: 394
main thread: About to interrupt: 395
main thread: About to interrupt: 396
main thread: About to interrupt: 397
main thread: About to interrupt: 398
main thread: About to interrupt: 399
EBs finished.
Really finishing RBE!.
